{"/Users/openclaw/.openclaw/shared/projects/WTM/src/WalkingTec.Mvvm.Mvc/framework_analysis.js": {"path":"/Users/openclaw/.openclaw/shared/projects/WTM/src/WalkingTec.Mvvm.Mvc/framework_analysis.js","all":false,"statementMap":{"0":{"start":{"line":1,"column":0},"end":{"line":1,"column":3}},"1":{"start":{"line":2,"column":0},"end":{"line":2,"column":24}},"2":{"start":{"line":3,"column":0},"end":{"line":3,"column":32}},"3":{"start":{"line":4,"column":0},"end":{"line":4,"column":2}},"4":{"start":{"line":5,"column":0},"end":{"line":5,"column":49}},"5":{"start":{"line":6,"column":0},"end":{"line":6,"column":25}},"6":{"start":{"line":7,"column":0},"end":{"line":7,"column":3}},"7":{"start":{"line":8,"column":0},"end":{"line":8,"column":20}},"8":{"start":{"line":9,"column":0},"end":{"line":9,"column":17}},"9":{"start":{"line":10,"column":0},"end":{"line":10,"column":0}},"10":{"start":{"line":11,"column":0},"end":{"line":11,"column":7}},"11":{"start":{"line":12,"column":0},"end":{"line":12,"column":28}},"12":{"start":{"line":13,"column":0},"end":{"line":13,"column":60}},"13":{"start":{"line":14,"column":0},"end":{"line":14,"column":36}},"14":{"start":{"line":15,"column":0},"end":{"line":15,"column":58}},"15":{"start":{"line":16,"column":0},"end":{"line":16,"column":7}},"16":{"start":{"line":17,"column":0},"end":{"line":17,"column":42}},"17":{"start":{"line":18,"column":0},"end":{"line":18,"column":45}},"18":{"start":{"line":19,"column":0},"end":{"line":19,"column":72}},"19":{"start":{"line":20,"column":0},"end":{"line":20,"column":51}},"20":{"start":{"line":21,"column":0},"end":{"line":21,"column":21}},"21":{"start":{"line":22,"column":0},"end":{"line":22,"column":5}},"22":{"start":{"line":23,"column":0},"end":{"line":23,"column":0}},"23":{"start":{"line":24,"column":0},"end":{"line":24,"column":7}},"24":{"start":{"line":25,"column":0},"end":{"line":25,"column":30}},"25":{"start":{"line":26,"column":0},"end":{"line":26,"column":39}},"26":{"start":{"line":27,"column":0},"end":{"line":27,"column":39}},"27":{"start":{"line":28,"column":0},"end":{"line":28,"column":45}},"28":{"start":{"line":29,"column":0},"end":{"line":29,"column":7}},"29":{"start":{"line":30,"column":0},"end":{"line":30,"column":44}},"30":{"start":{"line":31,"column":0},"end":{"line":31,"column":24}},"31":{"start":{"line":32,"column":0},"end":{"line":32,"column":54}},"32":{"start":{"line":33,"column":0},"end":{"line":33,"column":54}},"33":{"start":{"line":34,"column":0},"end":{"line":34,"column":80}},"34":{"start":{"line":35,"column":0},"end":{"line":35,"column":22}},"35":{"start":{"line":36,"column":0},"end":{"line":36,"column":5}},"36":{"start":{"line":37,"column":0},"end":{"line":37,"column":0}},"37":{"start":{"line":38,"column":0},"end":{"line":38,"column":7}},"38":{"start":{"line":39,"column":0},"end":{"line":39,"column":38}},"39":{"start":{"line":40,"column":0},"end":{"line":40,"column":39}},"40":{"start":{"line":41,"column":0},"end":{"line":41,"column":32}},"41":{"start":{"line":42,"column":0},"end":{"line":42,"column":63}},"42":{"start":{"line":43,"column":0},"end":{"line":43,"column":7}},"43":{"start":{"line":44,"column":0},"end":{"line":44,"column":48}},"44":{"start":{"line":45,"column":0},"end":{"line":45,"column":65}},"45":{"start":{"line":46,"column":0},"end":{"line":46,"column":5}},"46":{"start":{"line":47,"column":0},"end":{"line":47,"column":0}},"47":{"start":{"line":48,"column":0},"end":{"line":48,"column":7}},"48":{"start":{"line":49,"column":0},"end":{"line":49,"column":20}},"49":{"start":{"line":50,"column":0},"end":{"line":50,"column":63}},"50":{"start":{"line":51,"column":0},"end":{"line":51,"column":46}},"51":{"start":{"line":52,"column":0},"end":{"line":52,"column":7}},"52":{"start":{"line":53,"column":0},"end":{"line":53,"column":37}},"53":{"start":{"line":54,"column":0},"end":{"line":54,"column":70}},"54":{"start":{"line":55,"column":0},"end":{"line":55,"column":36}},"55":{"start":{"line":56,"column":0},"end":{"line":56,"column":5}},"56":{"start":{"line":57,"column":0},"end":{"line":57,"column":0}},"57":{"start":{"line":58,"column":0},"end":{"line":58,"column":7}},"58":{"start":{"line":59,"column":0},"end":{"line":59,"column":26}},"59":{"start":{"line":60,"column":0},"end":{"line":60,"column":77}},"60":{"start":{"line":61,"column":0},"end":{"line":61,"column":32}},"61":{"start":{"line":62,"column":0},"end":{"line":62,"column":7}},"62":{"start":{"line":63,"column":0},"end":{"line":63,"column":33}},"63":{"start":{"line":64,"column":0},"end":{"line":64,"column":28}},"64":{"start":{"line":65,"column":0},"end":{"line":65,"column":91}},"65":{"start":{"line":66,"column":0},"end":{"line":66,"column":97}},"66":{"start":{"line":67,"column":0},"end":{"line":67,"column":95}},"67":{"start":{"line":68,"column":0},"end":{"line":68,"column":121}},"68":{"start":{"line":69,"column":0},"end":{"line":69,"column":29}},"69":{"start":{"line":70,"column":0},"end":{"line":70,"column":5}},"70":{"start":{"line":71,"column":0},"end":{"line":71,"column":0}},"71":{"start":{"line":72,"column":0},"end":{"line":72,"column":26}},"72":{"start":{"line":73,"column":0},"end":{"line":73,"column":32}},"73":{"start":{"line":74,"column":0},"end":{"line":74,"column":31}},"74":{"start":{"line":75,"column":0},"end":{"line":75,"column":42}},"75":{"start":{"line":76,"column":0},"end":{"line":76,"column":9}},"76":{"start":{"line":77,"column":0},"end":{"line":77,"column":5}},"77":{"start":{"line":78,"column":0},"end":{"line":78,"column":0}},"78":{"start":{"line":79,"column":0},"end":{"line":79,"column":79}},"79":{"start":{"line":80,"column":0},"end":{"line":80,"column":70}},"80":{"start":{"line":81,"column":0},"end":{"line":81,"column":0}},"81":{"start":{"line":82,"column":0},"end":{"line":82,"column":7}},"82":{"start":{"line":83,"column":0},"end":{"line":83,"column":17}},"83":{"start":{"line":84,"column":0},"end":{"line":84,"column":7}},"84":{"start":{"line":85,"column":0},"end":{"line":85,"column":41}},"85":{"start":{"line":86,"column":0},"end":{"line":86,"column":72}},"86":{"start":{"line":87,"column":0},"end":{"line":87,"column":27}},"87":{"start":{"line":88,"column":0},"end":{"line":88,"column":0}},"88":{"start":{"line":89,"column":0},"end":{"line":89,"column":30}},"89":{"start":{"line":90,"column":0},"end":{"line":90,"column":102}},"90":{"start":{"line":91,"column":0},"end":{"line":91,"column":9}},"91":{"start":{"line":92,"column":0},"end":{"line":92,"column":0}},"92":{"start":{"line":93,"column":0},"end":{"line":93,"column":32}},"93":{"start":{"line":94,"column":0},"end":{"line":94,"column":26}},"94":{"start":{"line":95,"column":0},"end":{"line":95,"column":42}},"95":{"start":{"line":96,"column":0},"end":{"line":96,"column":30}},"96":{"start":{"line":97,"column":0},"end":{"line":97,"column":29}},"97":{"start":{"line":98,"column":0},"end":{"line":98,"column":52}},"98":{"start":{"line":99,"column":0},"end":{"line":99,"column":13}},"99":{"start":{"line":100,"column":0},"end":{"line":100,"column":16}},"100":{"start":{"line":101,"column":0},"end":{"line":101,"column":41}},"101":{"start":{"line":102,"column":0},"end":{"line":102,"column":31}},"102":{"start":{"line":103,"column":0},"end":{"line":103,"column":9}},"103":{"start":{"line":104,"column":0},"end":{"line":104,"column":5}},"104":{"start":{"line":105,"column":0},"end":{"line":105,"column":0}},"105":{"start":{"line":106,"column":0},"end":{"line":106,"column":7}},"106":{"start":{"line":107,"column":0},"end":{"line":107,"column":41}},"107":{"start":{"line":108,"column":0},"end":{"line":108,"column":7}},"108":{"start":{"line":109,"column":0},"end":{"line":109,"column":52}},"109":{"start":{"line":110,"column":0},"end":{"line":110,"column":79}},"110":{"start":{"line":111,"column":0},"end":{"line":111,"column":26}},"111":{"start":{"line":112,"column":0},"end":{"line":112,"column":59}},"112":{"start":{"line":113,"column":0},"end":{"line":113,"column":10}},"113":{"start":{"line":114,"column":0},"end":{"line":114,"column":30}},"114":{"start":{"line":115,"column":0},"end":{"line":115,"column":110}},"115":{"start":{"line":116,"column":0},"end":{"line":116,"column":30}},"116":{"start":{"line":117,"column":0},"end":{"line":117,"column":10}},"117":{"start":{"line":118,"column":0},"end":{"line":118,"column":33}},"118":{"start":{"line":119,"column":0},"end":{"line":119,"column":43}},"119":{"start":{"line":120,"column":0},"end":{"line":120,"column":49}},"120":{"start":{"line":121,"column":0},"end":{"line":121,"column":10}},"121":{"start":{"line":122,"column":0},"end":{"line":122,"column":31}},"122":{"start":{"line":123,"column":0},"end":{"line":123,"column":52}},"123":{"start":{"line":124,"column":0},"end":{"line":124,"column":61}},"124":{"start":{"line":125,"column":0},"end":{"line":125,"column":54}},"125":{"start":{"line":126,"column":0},"end":{"line":126,"column":37}},"126":{"start":{"line":127,"column":0},"end":{"line":127,"column":11}},"127":{"start":{"line":128,"column":0},"end":{"line":128,"column":5}},"128":{"start":{"line":129,"column":0},"end":{"line":129,"column":0}},"129":{"start":{"line":130,"column":0},"end":{"line":130,"column":7}},"130":{"start":{"line":131,"column":0},"end":{"line":131,"column":30}},"131":{"start":{"line":132,"column":0},"end":{"line":132,"column":7}},"132":{"start":{"line":133,"column":0},"end":{"line":133,"column":51}},"133":{"start":{"line":134,"column":0},"end":{"line":134,"column":31}},"134":{"start":{"line":135,"column":0},"end":{"line":135,"column":0}},"135":{"start":{"line":136,"column":0},"end":{"line":136,"column":54}},"136":{"start":{"line":137,"column":0},"end":{"line":137,"column":43}},"137":{"start":{"line":138,"column":0},"end":{"line":138,"column":0}},"138":{"start":{"line":139,"column":0},"end":{"line":139,"column":49}},"139":{"start":{"line":140,"column":0},"end":{"line":140,"column":43}},"140":{"start":{"line":141,"column":0},"end":{"line":141,"column":0}},"141":{"start":{"line":142,"column":0},"end":{"line":142,"column":80}},"142":{"start":{"line":143,"column":0},"end":{"line":143,"column":78}},"143":{"start":{"line":144,"column":0},"end":{"line":144,"column":0}},"144":{"start":{"line":145,"column":0},"end":{"line":145,"column":51}},"145":{"start":{"line":146,"column":0},"end":{"line":146,"column":40}},"146":{"start":{"line":147,"column":0},"end":{"line":147,"column":0}},"147":{"start":{"line":148,"column":0},"end":{"line":148,"column":56}},"148":{"start":{"line":149,"column":0},"end":{"line":149,"column":33}},"149":{"start":{"line":150,"column":0},"end":{"line":150,"column":71}},"150":{"start":{"line":151,"column":0},"end":{"line":151,"column":36}},"151":{"start":{"line":152,"column":0},"end":{"line":152,"column":75}},"152":{"start":{"line":153,"column":0},"end":{"line":153,"column":0}},"153":{"start":{"line":154,"column":0},"end":{"line":154,"column":61}},"154":{"start":{"line":155,"column":0},"end":{"line":155,"column":38}},"155":{"start":{"line":156,"column":0},"end":{"line":156,"column":59}},"156":{"start":{"line":157,"column":0},"end":{"line":157,"column":47}},"157":{"start":{"line":158,"column":0},"end":{"line":158,"column":93}},"158":{"start":{"line":159,"column":0},"end":{"line":159,"column":0}},"159":{"start":{"line":160,"column":0},"end":{"line":160,"column":60}},"160":{"start":{"line":161,"column":0},"end":{"line":161,"column":37}},"161":{"start":{"line":162,"column":0},"end":{"line":162,"column":73}},"162":{"start":{"line":163,"column":0},"end":{"line":163,"column":44}},"163":{"start":{"line":164,"column":0},"end":{"line":164,"column":91}},"164":{"start":{"line":165,"column":0},"end":{"line":165,"column":0}},"165":{"start":{"line":166,"column":0},"end":{"line":166,"column":59}},"166":{"start":{"line":167,"column":0},"end":{"line":167,"column":47}},"167":{"start":{"line":168,"column":0},"end":{"line":168,"column":51}},"168":{"start":{"line":169,"column":0},"end":{"line":169,"column":49}},"169":{"start":{"line":170,"column":0},"end":{"line":170,"column":46}},"170":{"start":{"line":171,"column":0},"end":{"line":171,"column":8}},"171":{"start":{"line":172,"column":0},"end":{"line":172,"column":58}},"172":{"start":{"line":173,"column":0},"end":{"line":173,"column":38}},"173":{"start":{"line":174,"column":0},"end":{"line":174,"column":56}},"174":{"start":{"line":175,"column":0},"end":{"line":175,"column":44}},"175":{"start":{"line":176,"column":0},"end":{"line":176,"column":46}},"176":{"start":{"line":177,"column":0},"end":{"line":177,"column":8}},"177":{"start":{"line":178,"column":0},"end":{"line":178,"column":59}},"178":{"start":{"line":179,"column":0},"end":{"line":179,"column":113}},"179":{"start":{"line":180,"column":0},"end":{"line":180,"column":41}},"180":{"start":{"line":181,"column":0},"end":{"line":181,"column":100}},"181":{"start":{"line":182,"column":0},"end":{"line":182,"column":28}},"182":{"start":{"line":183,"column":0},"end":{"line":183,"column":66}},"183":{"start":{"line":184,"column":0},"end":{"line":184,"column":39}},"184":{"start":{"line":185,"column":0},"end":{"line":185,"column":124}},"185":{"start":{"line":186,"column":0},"end":{"line":186,"column":53}},"186":{"start":{"line":187,"column":0},"end":{"line":187,"column":19}},"187":{"start":{"line":188,"column":0},"end":{"line":188,"column":81}},"188":{"start":{"line":189,"column":0},"end":{"line":189,"column":13}},"189":{"start":{"line":190,"column":0},"end":{"line":190,"column":11}},"190":{"start":{"line":191,"column":0},"end":{"line":191,"column":0}},"191":{"start":{"line":192,"column":0},"end":{"line":192,"column":55}},"192":{"start":{"line":193,"column":0},"end":{"line":193,"column":39}},"193":{"start":{"line":194,"column":0},"end":{"line":194,"column":44}},"194":{"start":{"line":195,"column":0},"end":{"line":195,"column":0}},"195":{"start":{"line":196,"column":0},"end":{"line":196,"column":46}},"196":{"start":{"line":197,"column":0},"end":{"line":197,"column":44}},"197":{"start":{"line":198,"column":0},"end":{"line":198,"column":0}},"198":{"start":{"line":199,"column":0},"end":{"line":199,"column":37}},"199":{"start":{"line":200,"column":0},"end":{"line":200,"column":42}},"200":{"start":{"line":201,"column":0},"end":{"line":201,"column":41}},"201":{"start":{"line":202,"column":0},"end":{"line":202,"column":41}},"202":{"start":{"line":203,"column":0},"end":{"line":203,"column":33}},"203":{"start":{"line":204,"column":0},"end":{"line":204,"column":0}},"204":{"start":{"line":205,"column":0},"end":{"line":205,"column":59}},"205":{"start":{"line":206,"column":0},"end":{"line":206,"column":62}},"206":{"start":{"line":207,"column":0},"end":{"line":207,"column":47}},"207":{"start":{"line":208,"column":0},"end":{"line":208,"column":73}},"208":{"start":{"line":209,"column":0},"end":{"line":209,"column":70}},"209":{"start":{"line":210,"column":0},"end":{"line":210,"column":55}},"210":{"start":{"line":211,"column":0},"end":{"line":211,"column":32}},"211":{"start":{"line":212,"column":0},"end":{"line":212,"column":53}},"212":{"start":{"line":213,"column":0},"end":{"line":213,"column":42}},"213":{"start":{"line":214,"column":0},"end":{"line":214,"column":33}},"214":{"start":{"line":215,"column":0},"end":{"line":215,"column":55}},"215":{"start":{"line":216,"column":0},"end":{"line":216,"column":40}},"216":{"start":{"line":217,"column":0},"end":{"line":217,"column":50}},"217":{"start":{"line":218,"column":0},"end":{"line":218,"column":85}},"218":{"start":{"line":219,"column":0},"end":{"line":219,"column":39}},"219":{"start":{"line":220,"column":0},"end":{"line":220,"column":83}},"220":{"start":{"line":221,"column":0},"end":{"line":221,"column":95}},"221":{"start":{"line":222,"column":0},"end":{"line":222,"column":96}},"222":{"start":{"line":223,"column":0},"end":{"line":223,"column":15}},"223":{"start":{"line":224,"column":0},"end":{"line":224,"column":44}},"224":{"start":{"line":225,"column":0},"end":{"line":225,"column":11}},"225":{"start":{"line":226,"column":0},"end":{"line":226,"column":41}},"226":{"start":{"line":227,"column":0},"end":{"line":227,"column":0}},"227":{"start":{"line":228,"column":0},"end":{"line":228,"column":53}},"228":{"start":{"line":229,"column":0},"end":{"line":229,"column":53}},"229":{"start":{"line":230,"column":0},"end":{"line":230,"column":41}},"230":{"start":{"line":231,"column":0},"end":{"line":231,"column":40}},"231":{"start":{"line":232,"column":0},"end":{"line":232,"column":35}},"232":{"start":{"line":233,"column":0},"end":{"line":233,"column":0}},"233":{"start":{"line":234,"column":0},"end":{"line":234,"column":54}},"234":{"start":{"line":235,"column":0},"end":{"line":235,"column":51}},"235":{"start":{"line":236,"column":0},"end":{"line":236,"column":43}},"236":{"start":{"line":237,"column":0},"end":{"line":237,"column":36}},"237":{"start":{"line":238,"column":0},"end":{"line":238,"column":0}},"238":{"start":{"line":239,"column":0},"end":{"line":239,"column":36}},"239":{"start":{"line":240,"column":0},"end":{"line":240,"column":39}},"240":{"start":{"line":241,"column":0},"end":{"line":241,"column":5}},"241":{"start":{"line":242,"column":0},"end":{"line":242,"column":0}},"242":{"start":{"line":243,"column":0},"end":{"line":243,"column":23}},"243":{"start":{"line":244,"column":0},"end":{"line":244,"column":36}},"244":{"start":{"line":245,"column":0},"end":{"line":245,"column":34}},"245":{"start":{"line":246,"column":0},"end":{"line":246,"column":34}},"246":{"start":{"line":247,"column":0},"end":{"line":247,"column":34}},"247":{"start":{"line":248,"column":0},"end":{"line":248,"column":35}},"248":{"start":{"line":249,"column":0},"end":{"line":249,"column":6}},"249":{"start":{"line":250,"column":0},"end":{"line":250,"column":0}},"250":{"start":{"line":251,"column":0},"end":{"line":251,"column":7}},"251":{"start":{"line":252,"column":0},"end":{"line":252,"column":42}},"252":{"start":{"line":253,"column":0},"end":{"line":253,"column":70}},"253":{"start":{"line":254,"column":0},"end":{"line":254,"column":44}},"254":{"start":{"line":255,"column":0},"end":{"line":255,"column":7}},"255":{"start":{"line":256,"column":0},"end":{"line":256,"column":32}},"256":{"start":{"line":257,"column":0},"end":{"line":257,"column":72}},"257":{"start":{"line":258,"column":0},"end":{"line":258,"column":26}},"258":{"start":{"line":259,"column":0},"end":{"line":259,"column":69}},"259":{"start":{"line":260,"column":0},"end":{"line":260,"column":50}},"260":{"start":{"line":261,"column":0},"end":{"line":261,"column":5}},"261":{"start":{"line":262,"column":0},"end":{"line":262,"column":0}},"262":{"start":{"line":263,"column":0},"end":{"line":263,"column":62}},"263":{"start":{"line":264,"column":0},"end":{"line":264,"column":52}},"264":{"start":{"line":265,"column":0},"end":{"line":265,"column":43}},"265":{"start":{"line":266,"column":0},"end":{"line":266,"column":0}},"266":{"start":{"line":267,"column":0},"end":{"line":267,"column":53}},"267":{"start":{"line":268,"column":0},"end":{"line":268,"column":40}},"268":{"start":{"line":269,"column":0},"end":{"line":269,"column":35}},"269":{"start":{"line":270,"column":0},"end":{"line":270,"column":0}},"270":{"start":{"line":271,"column":0},"end":{"line":271,"column":86}},"271":{"start":{"line":272,"column":0},"end":{"line":272,"column":58}},"272":{"start":{"line":273,"column":0},"end":{"line":273,"column":46}},"273":{"start":{"line":274,"column":0},"end":{"line":274,"column":0}},"274":{"start":{"line":275,"column":0},"end":{"line":275,"column":34}},"275":{"start":{"line":276,"column":0},"end":{"line":276,"column":39}},"276":{"start":{"line":277,"column":0},"end":{"line":277,"column":61}},"277":{"start":{"line":278,"column":0},"end":{"line":278,"column":42}},"278":{"start":{"line":279,"column":0},"end":{"line":279,"column":56}},"279":{"start":{"line":280,"column":0},"end":{"line":280,"column":47}},"280":{"start":{"line":281,"column":0},"end":{"line":281,"column":67}},"281":{"start":{"line":282,"column":0},"end":{"line":282,"column":51}},"282":{"start":{"line":283,"column":0},"end":{"line":283,"column":96}},"283":{"start":{"line":284,"column":0},"end":{"line":284,"column":53}},"284":{"start":{"line":285,"column":0},"end":{"line":285,"column":48}},"285":{"start":{"line":286,"column":0},"end":{"line":286,"column":13}},"286":{"start":{"line":287,"column":0},"end":{"line":287,"column":0}},"287":{"start":{"line":288,"column":0},"end":{"line":288,"column":53}},"288":{"start":{"line":289,"column":0},"end":{"line":289,"column":33}},"289":{"start":{"line":290,"column":0},"end":{"line":290,"column":47}},"290":{"start":{"line":291,"column":0},"end":{"line":291,"column":39}},"291":{"start":{"line":292,"column":0},"end":{"line":292,"column":35}},"292":{"start":{"line":293,"column":0},"end":{"line":293,"column":47}},"293":{"start":{"line":294,"column":0},"end":{"line":294,"column":51}},"294":{"start":{"line":295,"column":0},"end":{"line":295,"column":51}},"295":{"start":{"line":296,"column":0},"end":{"line":296,"column":43}},"296":{"start":{"line":297,"column":0},"end":{"line":297,"column":71}},"297":{"start":{"line":298,"column":0},"end":{"line":298,"column":72}},"298":{"start":{"line":299,"column":0},"end":{"line":299,"column":60}},"299":{"start":{"line":300,"column":0},"end":{"line":300,"column":57}},"300":{"start":{"line":301,"column":0},"end":{"line":301,"column":17}},"301":{"start":{"line":302,"column":0},"end":{"line":302,"column":49}},"302":{"start":{"line":303,"column":0},"end":{"line":303,"column":52}},"303":{"start":{"line":304,"column":0},"end":{"line":304,"column":50}},"304":{"start":{"line":305,"column":0},"end":{"line":305,"column":47}},"305":{"start":{"line":306,"column":0},"end":{"line":306,"column":40}},"306":{"start":{"line":307,"column":0},"end":{"line":307,"column":63}},"307":{"start":{"line":308,"column":0},"end":{"line":308,"column":40}},"308":{"start":{"line":309,"column":0},"end":{"line":309,"column":45}},"309":{"start":{"line":310,"column":0},"end":{"line":310,"column":65}},"310":{"start":{"line":311,"column":0},"end":{"line":311,"column":53}},"311":{"start":{"line":312,"column":0},"end":{"line":312,"column":19}},"312":{"start":{"line":313,"column":0},"end":{"line":313,"column":53}},"313":{"start":{"line":314,"column":0},"end":{"line":314,"column":13}},"314":{"start":{"line":315,"column":0},"end":{"line":315,"column":37}},"315":{"start":{"line":316,"column":0},"end":{"line":316,"column":60}},"316":{"start":{"line":317,"column":0},"end":{"line":317,"column":41}},"317":{"start":{"line":318,"column":0},"end":{"line":318,"column":83}},"318":{"start":{"line":319,"column":0},"end":{"line":319,"column":46}},"319":{"start":{"line":320,"column":0},"end":{"line":320,"column":70}},"320":{"start":{"line":321,"column":0},"end":{"line":321,"column":66}},"321":{"start":{"line":322,"column":0},"end":{"line":322,"column":56}},"322":{"start":{"line":323,"column":0},"end":{"line":323,"column":49}},"323":{"start":{"line":324,"column":0},"end":{"line":324,"column":67}},"324":{"start":{"line":325,"column":0},"end":{"line":325,"column":39}},"325":{"start":{"line":326,"column":0},"end":{"line":326,"column":45}},"326":{"start":{"line":327,"column":0},"end":{"line":327,"column":52}},"327":{"start":{"line":328,"column":0},"end":{"line":328,"column":23}},"328":{"start":{"line":329,"column":0},"end":{"line":329,"column":52}},"329":{"start":{"line":330,"column":0},"end":{"line":330,"column":17}},"330":{"start":{"line":331,"column":0},"end":{"line":331,"column":13}},"331":{"start":{"line":332,"column":0},"end":{"line":332,"column":0}},"332":{"start":{"line":333,"column":0},"end":{"line":333,"column":73}},"333":{"start":{"line":334,"column":0},"end":{"line":334,"column":36}},"334":{"start":{"line":335,"column":0},"end":{"line":335,"column":38}},"335":{"start":{"line":336,"column":0},"end":{"line":336,"column":41}},"336":{"start":{"line":337,"column":0},"end":{"line":337,"column":11}},"337":{"start":{"line":338,"column":0},"end":{"line":338,"column":0}},"338":{"start":{"line":339,"column":0},"end":{"line":339,"column":23}},"339":{"start":{"line":340,"column":0},"end":{"line":340,"column":5}},"340":{"start":{"line":341,"column":0},"end":{"line":341,"column":0}},"341":{"start":{"line":342,"column":0},"end":{"line":342,"column":7}},"342":{"start":{"line":343,"column":0},"end":{"line":343,"column":42}},"343":{"start":{"line":344,"column":0},"end":{"line":344,"column":65}},"344":{"start":{"line":345,"column":0},"end":{"line":345,"column":29}},"345":{"start":{"line":346,"column":0},"end":{"line":346,"column":78}},"346":{"start":{"line":347,"column":0},"end":{"line":347,"column":7}},"347":{"start":{"line":348,"column":0},"end":{"line":348,"column":39}},"348":{"start":{"line":349,"column":0},"end":{"line":349,"column":22}},"349":{"start":{"line":350,"column":0},"end":{"line":350,"column":22}},"350":{"start":{"line":351,"column":0},"end":{"line":351,"column":38}},"351":{"start":{"line":352,"column":0},"end":{"line":352,"column":72}},"352":{"start":{"line":353,"column":0},"end":{"line":353,"column":0}},"353":{"start":{"line":354,"column":0},"end":{"line":354,"column":75}},"354":{"start":{"line":355,"column":0},"end":{"line":355,"column":45}},"355":{"start":{"line":356,"column":0},"end":{"line":356,"column":123}},"356":{"start":{"line":357,"column":0},"end":{"line":357,"column":0}},"357":{"start":{"line":358,"column":0},"end":{"line":358,"column":39}},"358":{"start":{"line":359,"column":0},"end":{"line":359,"column":36}},"359":{"start":{"line":360,"column":0},"end":{"line":360,"column":54}},"360":{"start":{"line":361,"column":0},"end":{"line":361,"column":52}},"361":{"start":{"line":362,"column":0},"end":{"line":362,"column":55}},"362":{"start":{"line":363,"column":0},"end":{"line":363,"column":79}},"363":{"start":{"line":364,"column":0},"end":{"line":364,"column":87}},"364":{"start":{"line":365,"column":0},"end":{"line":365,"column":35}},"365":{"start":{"line":366,"column":0},"end":{"line":366,"column":35}},"366":{"start":{"line":367,"column":0},"end":{"line":367,"column":84}},"367":{"start":{"line":368,"column":0},"end":{"line":368,"column":25}},"368":{"start":{"line":369,"column":0},"end":{"line":369,"column":21}},"369":{"start":{"line":370,"column":0},"end":{"line":370,"column":24}},"370":{"start":{"line":371,"column":0},"end":{"line":371,"column":52}},"371":{"start":{"line":372,"column":0},"end":{"line":372,"column":64}},"372":{"start":{"line":373,"column":0},"end":{"line":373,"column":35}},"373":{"start":{"line":374,"column":0},"end":{"line":374,"column":60}},"374":{"start":{"line":375,"column":0},"end":{"line":375,"column":75}},"375":{"start":{"line":376,"column":0},"end":{"line":376,"column":17}},"376":{"start":{"line":377,"column":0},"end":{"line":377,"column":15}},"377":{"start":{"line":378,"column":0},"end":{"line":378,"column":86}},"378":{"start":{"line":379,"column":0},"end":{"line":379,"column":5}},"379":{"start":{"line":380,"column":0},"end":{"line":380,"column":0}},"380":{"start":{"line":381,"column":0},"end":{"line":381,"column":7}},"381":{"start":{"line":382,"column":0},"end":{"line":382,"column":40}},"382":{"start":{"line":383,"column":0},"end":{"line":383,"column":7}},"383":{"start":{"line":384,"column":0},"end":{"line":384,"column":28}},"384":{"start":{"line":385,"column":0},"end":{"line":385,"column":32}},"385":{"start":{"line":386,"column":0},"end":{"line":386,"column":24}},"386":{"start":{"line":387,"column":0},"end":{"line":387,"column":0}},"387":{"start":{"line":388,"column":0},"end":{"line":388,"column":43}},"388":{"start":{"line":389,"column":0},"end":{"line":389,"column":28}},"389":{"start":{"line":390,"column":0},"end":{"line":390,"column":28}},"390":{"start":{"line":391,"column":0},"end":{"line":391,"column":0}},"391":{"start":{"line":392,"column":0},"end":{"line":392,"column":51}},"392":{"start":{"line":393,"column":0},"end":{"line":393,"column":32}},"393":{"start":{"line":394,"column":0},"end":{"line":394,"column":44}},"394":{"start":{"line":395,"column":0},"end":{"line":395,"column":19}},"395":{"start":{"line":396,"column":0},"end":{"line":396,"column":9}},"396":{"start":{"line":397,"column":0},"end":{"line":397,"column":0}},"397":{"start":{"line":398,"column":0},"end":{"line":398,"column":28}},"398":{"start":{"line":399,"column":0},"end":{"line":399,"column":28}},"399":{"start":{"line":400,"column":0},"end":{"line":400,"column":106}},"400":{"start":{"line":401,"column":0},"end":{"line":401,"column":49}},"401":{"start":{"line":402,"column":0},"end":{"line":402,"column":27}},"402":{"start":{"line":403,"column":0},"end":{"line":403,"column":121}},"403":{"start":{"line":404,"column":0},"end":{"line":404,"column":56}},"404":{"start":{"line":405,"column":0},"end":{"line":405,"column":12}},"405":{"start":{"line":406,"column":0},"end":{"line":406,"column":28}},"406":{"start":{"line":407,"column":0},"end":{"line":407,"column":49}},"407":{"start":{"line":408,"column":0},"end":{"line":408,"column":23}},"408":{"start":{"line":409,"column":0},"end":{"line":409,"column":13}},"409":{"start":{"line":410,"column":0},"end":{"line":410,"column":45}},"410":{"start":{"line":411,"column":0},"end":{"line":411,"column":55}},"411":{"start":{"line":412,"column":0},"end":{"line":412,"column":23}},"412":{"start":{"line":413,"column":0},"end":{"line":413,"column":13}},"413":{"start":{"line":414,"column":0},"end":{"line":414,"column":9}},"414":{"start":{"line":415,"column":0},"end":{"line":415,"column":0}},"415":{"start":{"line":416,"column":0},"end":{"line":416,"column":19}},"416":{"start":{"line":417,"column":0},"end":{"line":417,"column":38}},"417":{"start":{"line":418,"column":0},"end":{"line":418,"column":29}},"418":{"start":{"line":419,"column":0},"end":{"line":419,"column":27}},"419":{"start":{"line":420,"column":0},"end":{"line":420,"column":24}},"420":{"start":{"line":421,"column":0},"end":{"line":421,"column":82}},"421":{"start":{"line":422,"column":0},"end":{"line":422,"column":54}},"422":{"start":{"line":423,"column":0},"end":{"line":423,"column":10}},"423":{"start":{"line":424,"column":0},"end":{"line":424,"column":8}},"424":{"start":{"line":425,"column":0},"end":{"line":425,"column":22}},"425":{"start":{"line":426,"column":0},"end":{"line":426,"column":42}},"426":{"start":{"line":427,"column":0},"end":{"line":427,"column":9}},"427":{"start":{"line":428,"column":0},"end":{"line":428,"column":0}},"428":{"start":{"line":429,"column":0},"end":{"line":429,"column":77}},"429":{"start":{"line":430,"column":0},"end":{"line":430,"column":56}},"430":{"start":{"line":431,"column":0},"end":{"line":431,"column":0}},"431":{"start":{"line":432,"column":0},"end":{"line":432,"column":73}},"432":{"start":{"line":433,"column":0},"end":{"line":433,"column":25}},"433":{"start":{"line":434,"column":0},"end":{"line":434,"column":27}},"434":{"start":{"line":435,"column":0},"end":{"line":435,"column":60}},"435":{"start":{"line":436,"column":0},"end":{"line":436,"column":37}},"436":{"start":{"line":437,"column":0},"end":{"line":437,"column":10}},"437":{"start":{"line":438,"column":0},"end":{"line":438,"column":30}},"438":{"start":{"line":439,"column":0},"end":{"line":439,"column":86}},"439":{"start":{"line":440,"column":0},"end":{"line":440,"column":30}},"440":{"start":{"line":441,"column":0},"end":{"line":441,"column":10}},"441":{"start":{"line":442,"column":0},"end":{"line":442,"column":33}},"442":{"start":{"line":443,"column":0},"end":{"line":443,"column":35}},"443":{"start":{"line":444,"column":0},"end":{"line":444,"column":37}},"444":{"start":{"line":445,"column":0},"end":{"line":445,"column":0}},"445":{"start":{"line":446,"column":0},"end":{"line":446,"column":35}},"446":{"start":{"line":447,"column":0},"end":{"line":447,"column":57}},"447":{"start":{"line":448,"column":0},"end":{"line":448,"column":64}},"448":{"start":{"line":449,"column":0},"end":{"line":449,"column":58}},"449":{"start":{"line":450,"column":0},"end":{"line":450,"column":44}},"450":{"start":{"line":451,"column":0},"end":{"line":451,"column":13}},"451":{"start":{"line":452,"column":0},"end":{"line":452,"column":0}},"452":{"start":{"line":453,"column":0},"end":{"line":453,"column":67}},"453":{"start":{"line":454,"column":0},"end":{"line":454,"column":80}},"454":{"start":{"line":455,"column":0},"end":{"line":455,"column":15}},"455":{"start":{"line":456,"column":0},"end":{"line":456,"column":32}},"456":{"start":{"line":457,"column":0},"end":{"line":457,"column":94}},"457":{"start":{"line":458,"column":0},"end":{"line":458,"column":12}},"458":{"start":{"line":459,"column":0},"end":{"line":459,"column":26}},"459":{"start":{"line":460,"column":0},"end":{"line":460,"column":72}},"460":{"start":{"line":461,"column":0},"end":{"line":461,"column":65}},"461":{"start":{"line":462,"column":0},"end":{"line":462,"column":16}},"462":{"start":{"line":463,"column":0},"end":{"line":463,"column":96}},"463":{"start":{"line":464,"column":0},"end":{"line":464,"column":91}},"464":{"start":{"line":465,"column":0},"end":{"line":465,"column":64}},"465":{"start":{"line":466,"column":0},"end":{"line":466,"column":20}},"466":{"start":{"line":467,"column":0},"end":{"line":467,"column":67}},"467":{"start":{"line":468,"column":0},"end":{"line":468,"column":104}},"468":{"start":{"line":469,"column":0},"end":{"line":469,"column":0}},"469":{"start":{"line":470,"column":0},"end":{"line":470,"column":54}},"470":{"start":{"line":471,"column":0},"end":{"line":471,"column":39}},"471":{"start":{"line":472,"column":0},"end":{"line":472,"column":30}},"472":{"start":{"line":473,"column":0},"end":{"line":473,"column":53}},"473":{"start":{"line":474,"column":0},"end":{"line":474,"column":90}},"474":{"start":{"line":475,"column":0},"end":{"line":475,"column":62}},"475":{"start":{"line":476,"column":0},"end":{"line":476,"column":18}},"476":{"start":{"line":477,"column":0},"end":{"line":477,"column":45}},"477":{"start":{"line":478,"column":0},"end":{"line":478,"column":51}},"478":{"start":{"line":479,"column":0},"end":{"line":479,"column":35}},"479":{"start":{"line":480,"column":0},"end":{"line":480,"column":37}},"480":{"start":{"line":481,"column":0},"end":{"line":481,"column":39}},"481":{"start":{"line":482,"column":0},"end":{"line":482,"column":91}},"482":{"start":{"line":483,"column":0},"end":{"line":483,"column":65}},"483":{"start":{"line":484,"column":0},"end":{"line":484,"column":13}},"484":{"start":{"line":485,"column":0},"end":{"line":485,"column":10}},"485":{"start":{"line":486,"column":0},"end":{"line":486,"column":31}},"486":{"start":{"line":487,"column":0},"end":{"line":487,"column":73}},"487":{"start":{"line":488,"column":0},"end":{"line":488,"column":11}},"488":{"start":{"line":489,"column":0},"end":{"line":489,"column":5}},"489":{"start":{"line":490,"column":0},"end":{"line":490,"column":0}},"490":{"start":{"line":491,"column":0},"end":{"line":491,"column":7}},"491":{"start":{"line":492,"column":0},"end":{"line":492,"column":20}},"492":{"start":{"line":493,"column":0},"end":{"line":493,"column":7}},"493":{"start":{"line":494,"column":0},"end":{"line":494,"column":68}},"494":{"start":{"line":495,"column":0},"end":{"line":495,"column":52}},"495":{"start":{"line":496,"column":0},"end":{"line":496,"column":71}},"496":{"start":{"line":497,"column":0},"end":{"line":497,"column":8}},"497":{"start":{"line":498,"column":0},"end":{"line":498,"column":52}},"498":{"start":{"line":499,"column":0},"end":{"line":499,"column":40}},"499":{"start":{"line":500,"column":0},"end":{"line":500,"column":39}},"500":{"start":{"line":501,"column":0},"end":{"line":501,"column":42}},"501":{"start":{"line":502,"column":0},"end":{"line":502,"column":0}},"502":{"start":{"line":503,"column":0},"end":{"line":503,"column":52}},"503":{"start":{"line":504,"column":0},"end":{"line":504,"column":53}},"504":{"start":{"line":505,"column":0},"end":{"line":505,"column":47}},"505":{"start":{"line":506,"column":0},"end":{"line":506,"column":50}},"506":{"start":{"line":507,"column":0},"end":{"line":507,"column":33}},"507":{"start":{"line":508,"column":0},"end":{"line":508,"column":38}},"508":{"start":{"line":509,"column":0},"end":{"line":509,"column":11}},"509":{"start":{"line":510,"column":0},"end":{"line":510,"column":37}},"510":{"start":{"line":511,"column":0},"end":{"line":511,"column":33}},"511":{"start":{"line":512,"column":0},"end":{"line":512,"column":0}},"512":{"start":{"line":513,"column":0},"end":{"line":513,"column":52}},"513":{"start":{"line":514,"column":0},"end":{"line":514,"column":44}},"514":{"start":{"line":515,"column":0},"end":{"line":515,"column":50}},"515":{"start":{"line":516,"column":0},"end":{"line":516,"column":51}},"516":{"start":{"line":517,"column":0},"end":{"line":517,"column":54}},"517":{"start":{"line":518,"column":0},"end":{"line":518,"column":35}},"518":{"start":{"line":519,"column":0},"end":{"line":519,"column":56}},"519":{"start":{"line":520,"column":0},"end":{"line":520,"column":86}},"520":{"start":{"line":521,"column":0},"end":{"line":521,"column":24}},"521":{"start":{"line":522,"column":0},"end":{"line":522,"column":60}},"522":{"start":{"line":523,"column":0},"end":{"line":523,"column":17}},"523":{"start":{"line":524,"column":0},"end":{"line":524,"column":35}},"524":{"start":{"line":525,"column":0},"end":{"line":525,"column":15}},"525":{"start":{"line":526,"column":0},"end":{"line":526,"column":34}},"526":{"start":{"line":527,"column":0},"end":{"line":527,"column":11}},"527":{"start":{"line":528,"column":0},"end":{"line":528,"column":33}},"528":{"start":{"line":529,"column":0},"end":{"line":529,"column":35}},"529":{"start":{"line":530,"column":0},"end":{"line":530,"column":39}},"530":{"start":{"line":531,"column":0},"end":{"line":531,"column":5}},"531":{"start":{"line":532,"column":0},"end":{"line":532,"column":0}},"532":{"start":{"line":533,"column":0},"end":{"line":533,"column":7}},"533":{"start":{"line":534,"column":0},"end":{"line":534,"column":32}},"534":{"start":{"line":535,"column":0},"end":{"line":535,"column":7}},"535":{"start":{"line":536,"column":0},"end":{"line":536,"column":63}},"536":{"start":{"line":537,"column":0},"end":{"line":537,"column":58}},"537":{"start":{"line":538,"column":0},"end":{"line":538,"column":0}},"538":{"start":{"line":539,"column":0},"end":{"line":539,"column":53}},"539":{"start":{"line":540,"column":0},"end":{"line":540,"column":49}},"540":{"start":{"line":541,"column":0},"end":{"line":541,"column":38}},"541":{"start":{"line":542,"column":0},"end":{"line":542,"column":40}},"542":{"start":{"line":543,"column":0},"end":{"line":543,"column":42}},"543":{"start":{"line":544,"column":0},"end":{"line":544,"column":40}},"544":{"start":{"line":545,"column":0},"end":{"line":545,"column":0}},"545":{"start":{"line":546,"column":0},"end":{"line":546,"column":50}},"546":{"start":{"line":547,"column":0},"end":{"line":547,"column":8}},"547":{"start":{"line":548,"column":0},"end":{"line":548,"column":81}},"548":{"start":{"line":549,"column":0},"end":{"line":549,"column":89}},"549":{"start":{"line":550,"column":0},"end":{"line":550,"column":55}},"550":{"start":{"line":551,"column":0},"end":{"line":551,"column":69}},"551":{"start":{"line":552,"column":0},"end":{"line":552,"column":11}},"552":{"start":{"line":553,"column":0},"end":{"line":553,"column":0}},"553":{"start":{"line":554,"column":0},"end":{"line":554,"column":58}},"554":{"start":{"line":555,"column":0},"end":{"line":555,"column":24}},"555":{"start":{"line":556,"column":0},"end":{"line":556,"column":28}},"556":{"start":{"line":557,"column":0},"end":{"line":557,"column":50}},"557":{"start":{"line":558,"column":0},"end":{"line":558,"column":54}},"558":{"start":{"line":559,"column":0},"end":{"line":559,"column":39}},"559":{"start":{"line":560,"column":0},"end":{"line":560,"column":37}},"560":{"start":{"line":561,"column":0},"end":{"line":561,"column":29}},"561":{"start":{"line":562,"column":0},"end":{"line":562,"column":30}},"562":{"start":{"line":563,"column":0},"end":{"line":563,"column":32}},"563":{"start":{"line":564,"column":0},"end":{"line":564,"column":49}},"564":{"start":{"line":565,"column":0},"end":{"line":565,"column":79}},"565":{"start":{"line":566,"column":0},"end":{"line":566,"column":19}},"566":{"start":{"line":567,"column":0},"end":{"line":567,"column":15}},"567":{"start":{"line":568,"column":0},"end":{"line":568,"column":11}},"568":{"start":{"line":569,"column":0},"end":{"line":569,"column":0}},"569":{"start":{"line":570,"column":0},"end":{"line":570,"column":25}},"570":{"start":{"line":571,"column":0},"end":{"line":571,"column":41}},"571":{"start":{"line":572,"column":0},"end":{"line":572,"column":41}},"572":{"start":{"line":573,"column":0},"end":{"line":573,"column":58}},"573":{"start":{"line":574,"column":0},"end":{"line":574,"column":37}},"574":{"start":{"line":575,"column":0},"end":{"line":575,"column":26}},"575":{"start":{"line":576,"column":0},"end":{"line":576,"column":11}},"576":{"start":{"line":577,"column":0},"end":{"line":577,"column":5}},"577":{"start":{"line":578,"column":0},"end":{"line":578,"column":0}},"578":{"start":{"line":579,"column":0},"end":{"line":579,"column":7}},"579":{"start":{"line":580,"column":0},"end":{"line":580,"column":43}},"580":{"start":{"line":581,"column":0},"end":{"line":581,"column":7}},"581":{"start":{"line":582,"column":0},"end":{"line":582,"column":63}},"582":{"start":{"line":583,"column":0},"end":{"line":583,"column":34}},"583":{"start":{"line":584,"column":0},"end":{"line":584,"column":52}},"584":{"start":{"line":585,"column":0},"end":{"line":585,"column":40}},"585":{"start":{"line":586,"column":0},"end":{"line":586,"column":39}},"586":{"start":{"line":587,"column":0},"end":{"line":587,"column":0}},"587":{"start":{"line":588,"column":0},"end":{"line":588,"column":52}},"588":{"start":{"line":589,"column":0},"end":{"line":589,"column":53}},"589":{"start":{"line":590,"column":0},"end":{"line":590,"column":47}},"590":{"start":{"line":591,"column":0},"end":{"line":591,"column":50}},"591":{"start":{"line":592,"column":0},"end":{"line":592,"column":33}},"592":{"start":{"line":593,"column":0},"end":{"line":593,"column":38}},"593":{"start":{"line":594,"column":0},"end":{"line":594,"column":11}},"594":{"start":{"line":595,"column":0},"end":{"line":595,"column":37}},"595":{"start":{"line":596,"column":0},"end":{"line":596,"column":33}},"596":{"start":{"line":597,"column":0},"end":{"line":597,"column":0}},"597":{"start":{"line":598,"column":0},"end":{"line":598,"column":52}},"598":{"start":{"line":599,"column":0},"end":{"line":599,"column":44}},"599":{"start":{"line":600,"column":0},"end":{"line":600,"column":50}},"600":{"start":{"line":601,"column":0},"end":{"line":601,"column":51}},"601":{"start":{"line":602,"column":0},"end":{"line":602,"column":54}},"602":{"start":{"line":603,"column":0},"end":{"line":603,"column":35}},"603":{"start":{"line":604,"column":0},"end":{"line":604,"column":56}},"604":{"start":{"line":605,"column":0},"end":{"line":605,"column":86}},"605":{"start":{"line":606,"column":0},"end":{"line":606,"column":24}},"606":{"start":{"line":607,"column":0},"end":{"line":607,"column":40}},"607":{"start":{"line":608,"column":0},"end":{"line":608,"column":17}},"608":{"start":{"line":609,"column":0},"end":{"line":609,"column":35}},"609":{"start":{"line":610,"column":0},"end":{"line":610,"column":15}},"610":{"start":{"line":611,"column":0},"end":{"line":611,"column":34}},"611":{"start":{"line":612,"column":0},"end":{"line":612,"column":11}},"612":{"start":{"line":613,"column":0},"end":{"line":613,"column":33}},"613":{"start":{"line":614,"column":0},"end":{"line":614,"column":37}},"614":{"start":{"line":615,"column":0},"end":{"line":615,"column":5}},"615":{"start":{"line":616,"column":0},"end":{"line":616,"column":0}},"616":{"start":{"line":617,"column":0},"end":{"line":617,"column":7}},"617":{"start":{"line":618,"column":0},"end":{"line":618,"column":42}},"618":{"start":{"line":619,"column":0},"end":{"line":619,"column":7}},"619":{"start":{"line":620,"column":0},"end":{"line":620,"column":85}},"620":{"start":{"line":621,"column":0},"end":{"line":621,"column":58}},"621":{"start":{"line":622,"column":0},"end":{"line":622,"column":0}},"622":{"start":{"line":623,"column":0},"end":{"line":623,"column":53}},"623":{"start":{"line":624,"column":0},"end":{"line":624,"column":49}},"624":{"start":{"line":625,"column":0},"end":{"line":625,"column":38}},"625":{"start":{"line":626,"column":0},"end":{"line":626,"column":40}},"626":{"start":{"line":627,"column":0},"end":{"line":627,"column":42}},"627":{"start":{"line":628,"column":0},"end":{"line":628,"column":40}},"628":{"start":{"line":629,"column":0},"end":{"line":629,"column":0}},"629":{"start":{"line":630,"column":0},"end":{"line":630,"column":55}},"630":{"start":{"line":631,"column":0},"end":{"line":631,"column":94}},"631":{"start":{"line":632,"column":0},"end":{"line":632,"column":75}},"632":{"start":{"line":633,"column":0},"end":{"line":633,"column":11}},"633":{"start":{"line":634,"column":0},"end":{"line":634,"column":0}},"634":{"start":{"line":635,"column":0},"end":{"line":635,"column":81}},"635":{"start":{"line":636,"column":0},"end":{"line":636,"column":50}},"636":{"start":{"line":637,"column":0},"end":{"line":637,"column":41}},"637":{"start":{"line":638,"column":0},"end":{"line":638,"column":69}},"638":{"start":{"line":639,"column":0},"end":{"line":639,"column":55}},"639":{"start":{"line":640,"column":0},"end":{"line":640,"column":32}},"640":{"start":{"line":641,"column":0},"end":{"line":641,"column":71}},"641":{"start":{"line":642,"column":0},"end":{"line":642,"column":11}},"642":{"start":{"line":643,"column":0},"end":{"line":643,"column":52}},"643":{"start":{"line":644,"column":0},"end":{"line":644,"column":45}},"644":{"start":{"line":645,"column":0},"end":{"line":645,"column":20}},"645":{"start":{"line":646,"column":0},"end":{"line":646,"column":26}},"646":{"start":{"line":647,"column":0},"end":{"line":647,"column":60}},"647":{"start":{"line":648,"column":0},"end":{"line":648,"column":73}},"648":{"start":{"line":649,"column":0},"end":{"line":649,"column":70}},"649":{"start":{"line":650,"column":0},"end":{"line":650,"column":14}},"650":{"start":{"line":651,"column":0},"end":{"line":651,"column":11}},"651":{"start":{"line":652,"column":0},"end":{"line":652,"column":0}},"652":{"start":{"line":653,"column":0},"end":{"line":653,"column":25}},"653":{"start":{"line":654,"column":0},"end":{"line":654,"column":41}},"654":{"start":{"line":655,"column":0},"end":{"line":655,"column":96}},"655":{"start":{"line":656,"column":0},"end":{"line":656,"column":58}},"656":{"start":{"line":657,"column":0},"end":{"line":657,"column":37}},"657":{"start":{"line":658,"column":0},"end":{"line":658,"column":26}},"658":{"start":{"line":659,"column":0},"end":{"line":659,"column":11}},"659":{"start":{"line":660,"column":0},"end":{"line":660,"column":0}},"660":{"start":{"line":661,"column":0},"end":{"line":661,"column":35}},"661":{"start":{"line":662,"column":0},"end":{"line":662,"column":45}},"662":{"start":{"line":663,"column":0},"end":{"line":663,"column":34}},"663":{"start":{"line":664,"column":0},"end":{"line":664,"column":55}},"664":{"start":{"line":665,"column":0},"end":{"line":665,"column":32}},"665":{"start":{"line":666,"column":0},"end":{"line":666,"column":44}},"666":{"start":{"line":667,"column":0},"end":{"line":667,"column":66}},"667":{"start":{"line":668,"column":0},"end":{"line":668,"column":11}},"668":{"start":{"line":669,"column":0},"end":{"line":669,"column":5}},"669":{"start":{"line":670,"column":0},"end":{"line":670,"column":0}},"670":{"start":{"line":671,"column":0},"end":{"line":671,"column":7}},"671":{"start":{"line":672,"column":0},"end":{"line":672,"column":36}},"672":{"start":{"line":673,"column":0},"end":{"line":673,"column":7}},"673":{"start":{"line":674,"column":0},"end":{"line":674,"column":37}},"674":{"start":{"line":675,"column":0},"end":{"line":675,"column":79}},"675":{"start":{"line":676,"column":0},"end":{"line":676,"column":30}},"676":{"start":{"line":677,"column":0},"end":{"line":677,"column":0}},"677":{"start":{"line":678,"column":0},"end":{"line":678,"column":32}},"678":{"start":{"line":679,"column":0},"end":{"line":679,"column":48}},"679":{"start":{"line":680,"column":0},"end":{"line":680,"column":44}},"680":{"start":{"line":681,"column":0},"end":{"line":681,"column":36}},"681":{"start":{"line":682,"column":0},"end":{"line":682,"column":19}},"682":{"start":{"line":683,"column":0},"end":{"line":683,"column":9}},"683":{"start":{"line":684,"column":0},"end":{"line":684,"column":0}},"684":{"start":{"line":685,"column":0},"end":{"line":685,"column":41}},"685":{"start":{"line":686,"column":0},"end":{"line":686,"column":32}},"686":{"start":{"line":687,"column":0},"end":{"line":687,"column":0}},"687":{"start":{"line":688,"column":0},"end":{"line":688,"column":54}},"688":{"start":{"line":689,"column":0},"end":{"line":689,"column":36}},"689":{"start":{"line":690,"column":0},"end":{"line":690,"column":48}},"690":{"start":{"line":691,"column":0},"end":{"line":691,"column":64}},"691":{"start":{"line":692,"column":0},"end":{"line":692,"column":11}},"692":{"start":{"line":693,"column":0},"end":{"line":693,"column":39}},"693":{"start":{"line":694,"column":0},"end":{"line":694,"column":0}},"694":{"start":{"line":695,"column":0},"end":{"line":695,"column":55}},"695":{"start":{"line":696,"column":0},"end":{"line":696,"column":32}},"696":{"start":{"line":697,"column":0},"end":{"line":697,"column":71}},"697":{"start":{"line":698,"column":0},"end":{"line":698,"column":41}},"698":{"start":{"line":699,"column":0},"end":{"line":699,"column":37}},"699":{"start":{"line":700,"column":0},"end":{"line":700,"column":78}},"700":{"start":{"line":701,"column":0},"end":{"line":701,"column":38}},"701":{"start":{"line":702,"column":0},"end":{"line":702,"column":0}},"702":{"start":{"line":703,"column":0},"end":{"line":703,"column":56}},"703":{"start":{"line":704,"column":0},"end":{"line":704,"column":33}},"704":{"start":{"line":705,"column":0},"end":{"line":705,"column":71}},"705":{"start":{"line":706,"column":0},"end":{"line":706,"column":42}},"706":{"start":{"line":707,"column":0},"end":{"line":707,"column":36}},"707":{"start":{"line":708,"column":0},"end":{"line":708,"column":80}},"708":{"start":{"line":709,"column":0},"end":{"line":709,"column":39}},"709":{"start":{"line":710,"column":0},"end":{"line":710,"column":5}},"710":{"start":{"line":711,"column":0},"end":{"line":711,"column":0}},"711":{"start":{"line":712,"column":0},"end":{"line":712,"column":7}},"712":{"start":{"line":713,"column":0},"end":{"line":713,"column":51}},"713":{"start":{"line":714,"column":0},"end":{"line":714,"column":7}},"714":{"start":{"line":715,"column":0},"end":{"line":715,"column":57}},"715":{"start":{"line":716,"column":0},"end":{"line":716,"column":32}},"716":{"start":{"line":717,"column":0},"end":{"line":717,"column":39}},"717":{"start":{"line":718,"column":0},"end":{"line":718,"column":0}},"718":{"start":{"line":719,"column":0},"end":{"line":719,"column":29}},"719":{"start":{"line":720,"column":0},"end":{"line":720,"column":61}},"720":{"start":{"line":721,"column":0},"end":{"line":721,"column":36}},"721":{"start":{"line":722,"column":0},"end":{"line":722,"column":46}},"722":{"start":{"line":723,"column":0},"end":{"line":723,"column":79}},"723":{"start":{"line":724,"column":0},"end":{"line":724,"column":75}},"724":{"start":{"line":725,"column":0},"end":{"line":725,"column":15}},"725":{"start":{"line":726,"column":0},"end":{"line":726,"column":9}},"726":{"start":{"line":727,"column":0},"end":{"line":727,"column":66}},"727":{"start":{"line":728,"column":0},"end":{"line":728,"column":28}},"728":{"start":{"line":729,"column":0},"end":{"line":729,"column":36}},"729":{"start":{"line":730,"column":0},"end":{"line":730,"column":53}},"730":{"start":{"line":731,"column":0},"end":{"line":731,"column":24}},"731":{"start":{"line":732,"column":0},"end":{"line":732,"column":11}},"732":{"start":{"line":733,"column":0},"end":{"line":733,"column":0}},"733":{"start":{"line":734,"column":0},"end":{"line":734,"column":25}},"734":{"start":{"line":735,"column":0},"end":{"line":735,"column":84}},"735":{"start":{"line":736,"column":0},"end":{"line":736,"column":37}},"736":{"start":{"line":737,"column":0},"end":{"line":737,"column":0}},"737":{"start":{"line":738,"column":0},"end":{"line":738,"column":40}},"738":{"start":{"line":739,"column":0},"end":{"line":739,"column":32}},"739":{"start":{"line":740,"column":0},"end":{"line":740,"column":62}},"740":{"start":{"line":741,"column":0},"end":{"line":741,"column":54}},"741":{"start":{"line":742,"column":0},"end":{"line":742,"column":11}},"742":{"start":{"line":743,"column":0},"end":{"line":743,"column":49}},"743":{"start":{"line":744,"column":0},"end":{"line":744,"column":63}},"744":{"start":{"line":745,"column":0},"end":{"line":745,"column":23}},"745":{"start":{"line":746,"column":0},"end":{"line":746,"column":48}},"746":{"start":{"line":747,"column":0},"end":{"line":747,"column":13}},"747":{"start":{"line":748,"column":0},"end":{"line":748,"column":9}},"748":{"start":{"line":749,"column":0},"end":{"line":749,"column":0}},"749":{"start":{"line":750,"column":0},"end":{"line":750,"column":31}},"750":{"start":{"line":751,"column":0},"end":{"line":751,"column":55}},"751":{"start":{"line":752,"column":0},"end":{"line":752,"column":5}},"752":{"start":{"line":753,"column":0},"end":{"line":753,"column":0}},"753":{"start":{"line":754,"column":0},"end":{"line":754,"column":7}},"754":{"start":{"line":755,"column":0},"end":{"line":755,"column":18}},"755":{"start":{"line":756,"column":0},"end":{"line":756,"column":7}},"756":{"start":{"line":757,"column":0},"end":{"line":757,"column":32}},"757":{"start":{"line":758,"column":0},"end":{"line":758,"column":32}},"758":{"start":{"line":759,"column":0},"end":{"line":759,"column":54}},"759":{"start":{"line":760,"column":0},"end":{"line":760,"column":0}},"760":{"start":{"line":761,"column":0},"end":{"line":761,"column":40}},"761":{"start":{"line":762,"column":0},"end":{"line":762,"column":40}},"762":{"start":{"line":763,"column":0},"end":{"line":763,"column":0}},"763":{"start":{"line":764,"column":0},"end":{"line":764,"column":31}},"764":{"start":{"line":765,"column":0},"end":{"line":765,"column":70}},"765":{"start":{"line":766,"column":0},"end":{"line":766,"column":5}},"766":{"start":{"line":767,"column":0},"end":{"line":767,"column":0}},"767":{"start":{"line":768,"column":0},"end":{"line":768,"column":7}},"768":{"start":{"line":769,"column":0},"end":{"line":769,"column":21}},"769":{"start":{"line":770,"column":0},"end":{"line":770,"column":7}},"770":{"start":{"line":771,"column":0},"end":{"line":771,"column":33}},"771":{"start":{"line":772,"column":0},"end":{"line":772,"column":32}},"772":{"start":{"line":773,"column":0},"end":{"line":773,"column":24}},"773":{"start":{"line":774,"column":0},"end":{"line":774,"column":0}},"774":{"start":{"line":775,"column":0},"end":{"line":775,"column":27}},"775":{"start":{"line":776,"column":0},"end":{"line":776,"column":29}},"776":{"start":{"line":777,"column":0},"end":{"line":777,"column":0}},"777":{"start":{"line":778,"column":0},"end":{"line":778,"column":31}},"778":{"start":{"line":779,"column":0},"end":{"line":779,"column":88}},"779":{"start":{"line":780,"column":0},"end":{"line":780,"column":70}},"780":{"start":{"line":781,"column":0},"end":{"line":781,"column":5}},"781":{"start":{"line":782,"column":0},"end":{"line":782,"column":0}},"782":{"start":{"line":783,"column":0},"end":{"line":783,"column":7}},"783":{"start":{"line":784,"column":0},"end":{"line":784,"column":44}},"784":{"start":{"line":785,"column":0},"end":{"line":785,"column":7}},"785":{"start":{"line":786,"column":0},"end":{"line":786,"column":55}},"786":{"start":{"line":787,"column":0},"end":{"line":787,"column":32}},"787":{"start":{"line":788,"column":0},"end":{"line":788,"column":24}},"788":{"start":{"line":789,"column":0},"end":{"line":789,"column":0}},"789":{"start":{"line":790,"column":0},"end":{"line":790,"column":19}},"790":{"start":{"line":791,"column":0},"end":{"line":791,"column":38}},"791":{"start":{"line":792,"column":0},"end":{"line":792,"column":46}},"792":{"start":{"line":793,"column":0},"end":{"line":793,"column":42}},"793":{"start":{"line":794,"column":0},"end":{"line":794,"column":29}},"794":{"start":{"line":795,"column":0},"end":{"line":795,"column":95}},"795":{"start":{"line":796,"column":0},"end":{"line":796,"column":10}},"796":{"start":{"line":797,"column":0},"end":{"line":797,"column":0}},"797":{"start":{"line":798,"column":0},"end":{"line":798,"column":77}},"798":{"start":{"line":799,"column":0},"end":{"line":799,"column":56}},"799":{"start":{"line":800,"column":0},"end":{"line":800,"column":0}},"800":{"start":{"line":801,"column":0},"end":{"line":801,"column":35}},"801":{"start":{"line":802,"column":0},"end":{"line":802,"column":27}},"802":{"start":{"line":803,"column":0},"end":{"line":803,"column":60}},"803":{"start":{"line":804,"column":0},"end":{"line":804,"column":37}},"804":{"start":{"line":805,"column":0},"end":{"line":805,"column":10}},"805":{"start":{"line":806,"column":0},"end":{"line":806,"column":30}},"806":{"start":{"line":807,"column":0},"end":{"line":807,"column":86}},"807":{"start":{"line":808,"column":0},"end":{"line":808,"column":30}},"808":{"start":{"line":809,"column":0},"end":{"line":809,"column":10}},"809":{"start":{"line":810,"column":0},"end":{"line":810,"column":33}},"810":{"start":{"line":811,"column":0},"end":{"line":811,"column":35}},"811":{"start":{"line":812,"column":0},"end":{"line":812,"column":37}},"812":{"start":{"line":813,"column":0},"end":{"line":813,"column":0}},"813":{"start":{"line":814,"column":0},"end":{"line":814,"column":35}},"814":{"start":{"line":815,"column":0},"end":{"line":815,"column":57}},"815":{"start":{"line":816,"column":0},"end":{"line":816,"column":64}},"816":{"start":{"line":817,"column":0},"end":{"line":817,"column":58}},"817":{"start":{"line":818,"column":0},"end":{"line":818,"column":44}},"818":{"start":{"line":819,"column":0},"end":{"line":819,"column":13}},"819":{"start":{"line":820,"column":0},"end":{"line":820,"column":0}},"820":{"start":{"line":821,"column":0},"end":{"line":821,"column":67}},"821":{"start":{"line":822,"column":0},"end":{"line":822,"column":97}},"822":{"start":{"line":823,"column":0},"end":{"line":823,"column":15}},"823":{"start":{"line":824,"column":0},"end":{"line":824,"column":32}},"824":{"start":{"line":825,"column":0},"end":{"line":825,"column":94}},"825":{"start":{"line":826,"column":0},"end":{"line":826,"column":0}},"826":{"start":{"line":827,"column":0},"end":{"line":827,"column":54}},"827":{"start":{"line":828,"column":0},"end":{"line":828,"column":26}},"828":{"start":{"line":829,"column":0},"end":{"line":829,"column":50}},"829":{"start":{"line":830,"column":0},"end":{"line":830,"column":46}},"830":{"start":{"line":831,"column":0},"end":{"line":831,"column":49}},"831":{"start":{"line":832,"column":0},"end":{"line":832,"column":14}},"832":{"start":{"line":833,"column":0},"end":{"line":833,"column":35}},"833":{"start":{"line":834,"column":0},"end":{"line":834,"column":41}},"834":{"start":{"line":835,"column":0},"end":{"line":835,"column":0}},"835":{"start":{"line":836,"column":0},"end":{"line":836,"column":63}},"836":{"start":{"line":837,"column":0},"end":{"line":837,"column":74}},"837":{"start":{"line":838,"column":0},"end":{"line":838,"column":10}},"838":{"start":{"line":839,"column":0},"end":{"line":839,"column":31}},"839":{"start":{"line":840,"column":0},"end":{"line":840,"column":73}},"840":{"start":{"line":841,"column":0},"end":{"line":841,"column":11}},"841":{"start":{"line":842,"column":0},"end":{"line":842,"column":5}},"842":{"start":{"line":843,"column":0},"end":{"line":843,"column":0}},"843":{"start":{"line":844,"column":0},"end":{"line":844,"column":7}},"844":{"start":{"line":845,"column":0},"end":{"line":845,"column":28}},"845":{"start":{"line":846,"column":0},"end":{"line":846,"column":7}},"846":{"start":{"line":847,"column":0},"end":{"line":847,"column":41}},"847":{"start":{"line":848,"column":0},"end":{"line":848,"column":32}},"848":{"start":{"line":849,"column":0},"end":{"line":849,"column":24}},"849":{"start":{"line":850,"column":0},"end":{"line":850,"column":0}},"850":{"start":{"line":851,"column":0},"end":{"line":851,"column":43}},"851":{"start":{"line":852,"column":0},"end":{"line":852,"column":28}},"852":{"start":{"line":853,"column":0},"end":{"line":853,"column":28}},"853":{"start":{"line":854,"column":0},"end":{"line":854,"column":0}},"854":{"start":{"line":855,"column":0},"end":{"line":855,"column":28}},"855":{"start":{"line":856,"column":0},"end":{"line":856,"column":28}},"856":{"start":{"line":857,"column":0},"end":{"line":857,"column":49}},"857":{"start":{"line":858,"column":0},"end":{"line":858,"column":50}},"858":{"start":{"line":859,"column":0},"end":{"line":859,"column":9}},"859":{"start":{"line":860,"column":0},"end":{"line":860,"column":0}},"860":{"start":{"line":861,"column":0},"end":{"line":861,"column":32}},"861":{"start":{"line":862,"column":0},"end":{"line":862,"column":74}},"862":{"start":{"line":863,"column":0},"end":{"line":863,"column":51}},"863":{"start":{"line":864,"column":0},"end":{"line":864,"column":13}},"864":{"start":{"line":865,"column":0},"end":{"line":865,"column":9}},"865":{"start":{"line":866,"column":0},"end":{"line":866,"column":0}},"866":{"start":{"line":867,"column":0},"end":{"line":867,"column":80}},"867":{"start":{"line":868,"column":0},"end":{"line":868,"column":51}},"868":{"start":{"line":869,"column":0},"end":{"line":869,"column":0}},"869":{"start":{"line":870,"column":0},"end":{"line":870,"column":28}},"870":{"start":{"line":871,"column":0},"end":{"line":871,"column":28}},"871":{"start":{"line":872,"column":0},"end":{"line":872,"column":106}},"872":{"start":{"line":873,"column":0},"end":{"line":873,"column":49}},"873":{"start":{"line":874,"column":0},"end":{"line":874,"column":27}},"874":{"start":{"line":875,"column":0},"end":{"line":875,"column":121}},"875":{"start":{"line":876,"column":0},"end":{"line":876,"column":56}},"876":{"start":{"line":877,"column":0},"end":{"line":877,"column":9}},"877":{"start":{"line":878,"column":0},"end":{"line":878,"column":0}},"878":{"start":{"line":879,"column":0},"end":{"line":879,"column":19}},"879":{"start":{"line":880,"column":0},"end":{"line":880,"column":38}},"880":{"start":{"line":881,"column":0},"end":{"line":881,"column":29}},"881":{"start":{"line":882,"column":0},"end":{"line":882,"column":27}},"882":{"start":{"line":883,"column":0},"end":{"line":883,"column":24}},"883":{"start":{"line":884,"column":0},"end":{"line":884,"column":51}},"884":{"start":{"line":885,"column":0},"end":{"line":885,"column":10}},"885":{"start":{"line":886,"column":0},"end":{"line":886,"column":0}},"886":{"start":{"line":887,"column":0},"end":{"line":887,"column":22}},"887":{"start":{"line":888,"column":0},"end":{"line":888,"column":42}},"888":{"start":{"line":889,"column":0},"end":{"line":889,"column":9}},"889":{"start":{"line":890,"column":0},"end":{"line":890,"column":0}},"890":{"start":{"line":891,"column":0},"end":{"line":891,"column":81}},"891":{"start":{"line":892,"column":0},"end":{"line":892,"column":74}},"892":{"start":{"line":893,"column":0},"end":{"line":893,"column":27}},"893":{"start":{"line":894,"column":0},"end":{"line":894,"column":60}},"894":{"start":{"line":895,"column":0},"end":{"line":895,"column":37}},"895":{"start":{"line":896,"column":0},"end":{"line":896,"column":10}},"896":{"start":{"line":897,"column":0},"end":{"line":897,"column":30}},"897":{"start":{"line":898,"column":0},"end":{"line":898,"column":110}},"898":{"start":{"line":899,"column":0},"end":{"line":899,"column":30}},"899":{"start":{"line":900,"column":0},"end":{"line":900,"column":10}},"900":{"start":{"line":901,"column":0},"end":{"line":901,"column":31}},"901":{"start":{"line":902,"column":0},"end":{"line":902,"column":26}},"902":{"start":{"line":903,"column":0},"end":{"line":903,"column":55}},"903":{"start":{"line":904,"column":0},"end":{"line":904,"column":48}},"904":{"start":{"line":905,"column":0},"end":{"line":905,"column":25}},"905":{"start":{"line":906,"column":0},"end":{"line":906,"column":46}},"906":{"start":{"line":907,"column":0},"end":{"line":907,"column":41}},"907":{"start":{"line":908,"column":0},"end":{"line":908,"column":22}},"908":{"start":{"line":909,"column":0},"end":{"line":909,"column":41}},"909":{"start":{"line":910,"column":0},"end":{"line":910,"column":44}},"910":{"start":{"line":911,"column":0},"end":{"line":911,"column":10}},"911":{"start":{"line":912,"column":0},"end":{"line":912,"column":31}},"912":{"start":{"line":913,"column":0},"end":{"line":913,"column":26}},"913":{"start":{"line":914,"column":0},"end":{"line":914,"column":48}},"914":{"start":{"line":915,"column":0},"end":{"line":915,"column":11}},"915":{"start":{"line":916,"column":0},"end":{"line":916,"column":5}},"916":{"start":{"line":917,"column":0},"end":{"line":917,"column":0}},"917":{"start":{"line":918,"column":0},"end":{"line":918,"column":79}},"918":{"start":{"line":919,"column":0},"end":{"line":919,"column":26}},"919":{"start":{"line":920,"column":0},"end":{"line":920,"column":23}},"920":{"start":{"line":921,"column":0},"end":{"line":921,"column":21}},"921":{"start":{"line":922,"column":0},"end":{"line":922,"column":31}},"922":{"start":{"line":923,"column":0},"end":{"line":923,"column":41}},"923":{"start":{"line":924,"column":0},"end":{"line":924,"column":45}},"924":{"start":{"line":925,"column":0},"end":{"line":925,"column":43}},"925":{"start":{"line":926,"column":0},"end":{"line":926,"column":31}},"926":{"start":{"line":927,"column":0},"end":{"line":927,"column":33}},"927":{"start":{"line":928,"column":0},"end":{"line":928,"column":43}},"928":{"start":{"line":929,"column":0},"end":{"line":929,"column":43}},"929":{"start":{"line":930,"column":0},"end":{"line":930,"column":37}},"930":{"start":{"line":931,"column":0},"end":{"line":931,"column":43}},"931":{"start":{"line":932,"column":0},"end":{"line":932,"column":37}},"932":{"start":{"line":933,"column":0},"end":{"line":933,"column":29}},"933":{"start":{"line":934,"column":0},"end":{"line":934,"column":29}},"934":{"start":{"line":935,"column":0},"end":{"line":935,"column":31}},"935":{"start":{"line":936,"column":0},"end":{"line":936,"column":63}},"936":{"start":{"line":937,"column":0},"end":{"line":937,"column":6}},"937":{"start":{"line":938,"column":0},"end":{"line":938,"column":0}},"938":{"start":{"line":939,"column":0},"end":{"line":939,"column":52}}},"s":{"0":1,"1":1,"2":1,"3":1,"4":1,"5":1,"6":1,"7":1,"8":1,"9":1,"10":1,"11":1,"12":1,"13":1,"14":1,"15":1,"16":1,"17":9,"18":9,"19":9,"20":3,"21":3,"22":1,"23":1,"24":1,"25":1,"26":1,"27":1,"28":1,"29":1,"30":12,"31":12,"32":12,"33":12,"34":12,"35":12,"36":1,"37":1,"38":1,"39":1,"40":1,"41":1,"42":1,"43":1,"44":0,"45":0,"46":1,"47":1,"48":1,"49":1,"50":1,"51":1,"52":1,"53":0,"54":0,"55":0,"56":1,"57":1,"58":1,"59":1,"60":1,"61":1,"62":1,"63":1,"64":1,"65":1,"66":1,"67":1,"68":1,"69":1,"70":1,"71":1,"72":1,"73":11,"74":6,"75":6,"76":11,"77":1,"78":1,"79":1,"80":1,"81":1,"82":1,"83":1,"84":1,"85":23,"86":23,"87":22,"88":23,"89":19,"90":19,"91":22,"92":22,"93":23,"94":20,"95":20,"96":20,"97":19,"98":19,"99":23,"100":2,"101":2,"102":2,"103":23,"104":1,"105":1,"106":1,"107":1,"108":1,"109":19,"110":19,"111":19,"112":19,"113":19,"114":19,"115":4,"116":19,"117":19,"118":4,"119":4,"120":19,"121":19,"122":15,"123":15,"124":15,"125":15,"126":19,"127":19,"128":1,"129":1,"130":1,"131":1,"132":1,"133":4,"134":4,"135":4,"136":4,"137":4,"138":4,"139":4,"140":4,"141":4,"142":4,"143":4,"144":4,"145":4,"146":4,"147":4,"148":4,"149":4,"150":4,"151":4,"152":4,"153":4,"154":4,"155":4,"156":4,"157":4,"158":4,"159":4,"160":4,"161":4,"162":4,"163":4,"164":4,"165":4,"166":4,"167":4,"168":4,"169":4,"170":4,"171":4,"172":4,"173":4,"174":4,"175":4,"176":4,"177":4,"178":0,"179":0,"180":0,"181":0,"182":0,"183":0,"184":0,"185":0,"186":0,"187":0,"188":0,"189":4,"190":4,"191":4,"192":4,"193":4,"194":4,"195":4,"196":4,"197":4,"198":4,"199":4,"200":4,"201":4,"202":4,"203":4,"204":4,"205":4,"206":4,"207":4,"208":4,"209":16,"210":16,"211":16,"212":16,"213":16,"214":16,"215":1,"216":1,"217":1,"218":1,"219":1,"220":1,"221":1,"222":16,"223":16,"224":4,"225":4,"226":4,"227":4,"228":4,"229":4,"230":4,"231":4,"232":4,"233":4,"234":4,"235":4,"236":4,"237":4,"238":4,"239":4,"240":4,"241":1,"242":1,"243":1,"244":1,"245":1,"246":1,"247":1,"248":1,"249":1,"250":1,"251":1,"252":1,"253":1,"254":1,"255":1,"256":15,"257":15,"258":15,"259":15,"260":15,"261":1,"262":1,"263":8,"264":8,"265":8,"266":8,"267":8,"268":8,"269":8,"270":8,"271":9,"272":9,"273":9,"274":9,"275":9,"276":4,"277":4,"278":4,"279":4,"280":4,"281":4,"282":4,"283":4,"284":4,"285":4,"286":9,"287":9,"288":9,"289":9,"290":9,"291":9,"292":9,"293":9,"294":9,"295":0,"296":0,"297":0,"298":0,"299":0,"300":0,"301":0,"302":0,"303":0,"304":0,"305":0,"306":0,"307":0,"308":0,"309":0,"310":0,"311":0,"312":0,"313":0,"314":9,"315":5,"316":5,"317":3,"318":5,"319":1,"320":1,"321":1,"322":1,"323":2,"324":2,"325":2,"326":2,"327":1,"328":1,"329":1,"330":5,"331":9,"332":9,"333":9,"334":9,"335":9,"336":8,"337":8,"338":8,"339":8,"340":1,"341":1,"342":1,"343":1,"344":1,"345":1,"346":1,"347":1,"348":19,"349":19,"350":19,"351":19,"352":19,"353":19,"354":19,"355":19,"356":19,"357":19,"358":19,"359":19,"360":8,"361":8,"362":0,"363":0,"364":0,"365":0,"366":0,"367":0,"368":0,"369":19,"370":11,"371":11,"372":1,"373":11,"374":11,"375":11,"376":19,"377":19,"378":19,"379":1,"380":1,"381":1,"382":1,"383":1,"384":9,"385":9,"386":8,"387":8,"388":8,"389":8,"390":8,"391":8,"392":9,"393":1,"394":1,"395":1,"396":7,"397":7,"398":7,"399":7,"400":9,"401":0,"402":0,"403":0,"404":0,"405":0,"406":0,"407":0,"408":0,"409":0,"410":0,"411":0,"412":0,"413":0,"414":7,"415":7,"416":7,"417":7,"418":7,"419":7,"420":7,"421":9,"422":9,"423":9,"424":9,"425":0,"426":0,"427":7,"428":7,"429":7,"430":7,"431":9,"432":9,"433":9,"434":9,"435":9,"436":9,"437":9,"438":6,"439":6,"440":9,"441":9,"442":6,"443":6,"444":6,"445":6,"446":1,"447":1,"448":1,"449":1,"450":1,"451":6,"452":6,"453":4,"454":6,"455":6,"456":6,"457":6,"458":6,"459":0,"460":0,"461":0,"462":0,"463":0,"464":0,"465":6,"466":6,"467":6,"468":6,"469":6,"470":6,"471":6,"472":6,"473":6,"474":6,"475":6,"476":6,"477":6,"478":6,"479":6,"480":6,"481":6,"482":6,"483":6,"484":9,"485":9,"486":1,"487":9,"488":9,"489":1,"490":1,"491":1,"492":1,"493":1,"494":0,"495":0,"496":0,"497":0,"498":0,"499":0,"500":0,"501":0,"502":0,"503":0,"504":0,"505":0,"506":0,"507":0,"508":0,"509":0,"510":0,"511":0,"512":0,"513":0,"514":0,"515":0,"516":0,"517":0,"518":0,"519":0,"520":0,"521":0,"522":0,"523":0,"524":0,"525":0,"526":0,"527":0,"528":0,"529":0,"530":0,"531":1,"532":1,"533":1,"534":1,"535":1,"536":0,"537":0,"538":0,"539":0,"540":0,"541":0,"542":0,"543":0,"544":0,"545":0,"546":0,"547":0,"548":0,"549":0,"550":0,"551":0,"552":0,"553":0,"554":0,"555":0,"556":0,"557":0,"558":0,"559":0,"560":0,"561":0,"562":0,"563":0,"564":0,"565":0,"566":0,"567":0,"568":0,"569":0,"570":0,"571":0,"572":0,"573":0,"574":0,"575":0,"576":0,"577":1,"578":1,"579":1,"580":1,"581":1,"582":6,"583":6,"584":6,"585":6,"586":6,"587":6,"588":6,"589":6,"590":11,"591":11,"592":11,"593":6,"594":6,"595":6,"596":6,"597":6,"598":6,"599":6,"600":6,"601":11,"602":11,"603":11,"604":9,"605":11,"606":2,"607":2,"608":11,"609":6,"610":6,"611":6,"612":6,"613":6,"614":6,"615":1,"616":1,"617":1,"618":1,"619":1,"620":15,"621":9,"622":9,"623":9,"624":9,"625":9,"626":9,"627":9,"628":9,"629":9,"630":9,"631":9,"632":9,"633":9,"634":15,"635":15,"636":15,"637":15,"638":15,"639":9,"640":9,"641":15,"642":15,"643":9,"644":9,"645":9,"646":9,"647":9,"648":9,"649":9,"650":15,"651":15,"652":15,"653":15,"654":15,"655":15,"656":15,"657":15,"658":15,"659":15,"660":15,"661":15,"662":0,"663":0,"664":0,"665":0,"666":0,"667":15,"668":15,"669":1,"670":1,"671":1,"672":1,"673":1,"674":6,"675":6,"676":1,"677":1,"678":6,"679":1,"680":1,"681":1,"682":1,"683":0,"684":0,"685":0,"686":0,"687":0,"688":0,"689":0,"690":0,"691":0,"692":0,"693":0,"694":0,"695":0,"696":0,"697":0,"698":0,"699":0,"700":0,"701":0,"702":0,"703":0,"704":0,"705":0,"706":0,"707":0,"708":0,"709":0,"710":1,"711":1,"712":1,"713":1,"714":1,"715":0,"716":0,"717":0,"718":0,"719":0,"720":0,"721":0,"722":0,"723":0,"724":0,"725":0,"726":0,"727":0,"728":0,"729":0,"730":0,"731":0,"732":0,"733":0,"734":0,"735":0,"736":0,"737":0,"738":0,"739":0,"740":0,"741":0,"742":0,"743":0,"744":0,"745":0,"746":0,"747":0,"748":0,"749":0,"750":0,"751":0,"752":1,"753":1,"754":1,"755":1,"756":1,"757":0,"758":0,"759":0,"760":0,"761":0,"762":0,"763":0,"764":0,"765":0,"766":1,"767":1,"768":1,"769":1,"770":1,"771":0,"772":0,"773":0,"774":0,"775":0,"776":0,"777":0,"778":0,"779":0,"780":0,"781":1,"782":1,"783":1,"784":1,"785":1,"786":0,"787":0,"788":0,"789":0,"790":0,"791":0,"792":0,"793":0,"794":0,"795":0,"796":0,"797":0,"798":0,"799":0,"800":0,"801":0,"802":0,"803":0,"804":0,"805":0,"806":0,"807":0,"808":0,"809":0,"810":0,"811":0,"812":0,"813":0,"814":0,"815":0,"816":0,"817":0,"818":0,"819":0,"820":0,"821":0,"822":0,"823":0,"824":0,"825":0,"826":0,"827":0,"828":0,"829":0,"830":0,"831":0,"832":0,"833":0,"834":0,"835":0,"836":0,"837":0,"838":0,"839":0,"840":0,"841":0,"842":1,"843":1,"844":1,"845":1,"846":1,"847":6,"848":6,"849":5,"850":5,"851":5,"852":5,"853":5,"854":5,"855":5,"856":6,"857":2,"858":2,"859":5,"860":5,"861":5,"862":2,"863":2,"864":5,"865":5,"866":5,"867":6,"868":6,"869":6,"870":6,"871":6,"872":6,"873":0,"874":0,"875":0,"876":0,"877":5,"878":5,"879":5,"880":5,"881":5,"882":5,"883":5,"884":5,"885":5,"886":6,"887":0,"888":0,"889":5,"890":6,"891":6,"892":6,"893":6,"894":6,"895":6,"896":6,"897":4,"898":2,"899":6,"900":6,"901":2,"902":2,"903":2,"904":2,"905":2,"906":2,"907":2,"908":2,"909":2,"910":6,"911":6,"912":3,"913":3,"914":6,"915":6,"916":1,"917":1,"918":1,"919":1,"920":1,"921":1,"922":1,"923":1,"924":1,"925":1,"926":1,"927":1,"928":1,"929":1,"930":1,"931":1,"932":1,"933":1,"934":1,"935":1,"936":1,"937":1,"938":1},"branchMap":{"0":{"type":"branch","line":939,"loc":{"start":{"line":939,"column":40},"end":{"line":939,"column":49}},"locations":[{"start":{"line":939,"column":40},"end":{"line":939,"column":49}}]},"1":{"type":"branch","line":8,"loc":{"start":{"line":8,"column":1},"end":{"line":939,"column":2}},"locations":[{"start":{"line":8,"column":1},"end":{"line":939,"column":2}}]},"2":{"type":"branch","line":17,"loc":{"start":{"line":17,"column":4},"end":{"line":22,"column":5}},"locations":[{"start":{"line":17,"column":4},"end":{"line":22,"column":5}}]},"3":{"type":"branch","line":18,"loc":{"start":{"line":18,"column":31},"end":{"line":18,"column":45}},"locations":[{"start":{"line":18,"column":31},"end":{"line":18,"column":45}}]},"4":{"type":"branch","line":18,"loc":{"start":{"line":18,"column":44},"end":{"line":19,"column":58}},"locations":[{"start":{"line":18,"column":44},"end":{"line":19,"column":58}}]},"5":{"type":"branch","line":19,"loc":{"start":{"line":19,"column":58},"end":{"line":19,"column":72}},"locations":[{"start":{"line":19,"column":58},"end":{"line":19,"column":72}}]},"6":{"type":"branch","line":19,"loc":{"start":{"line":19,"column":71},"end":{"line":20,"column":30}},"locations":[{"start":{"line":19,"column":71},"end":{"line":20,"column":30}}]},"7":{"type":"branch","line":20,"loc":{"start":{"line":20,"column":30},"end":{"line":20,"column":51}},"locations":[{"start":{"line":20,"column":30},"end":{"line":20,"column":51}}]},"8":{"type":"branch","line":20,"loc":{"start":{"line":20,"column":50},"end":{"line":22,"column":5}},"locations":[{"start":{"line":20,"column":50},"end":{"line":22,"column":5}}]},"9":{"type":"branch","line":19,"loc":{"start":{"line":19,"column":22},"end":{"line":19,"column":55}},"locations":[{"start":{"line":19,"column":22},"end":{"line":19,"column":55}}]},"10":{"type":"branch","line":30,"loc":{"start":{"line":30,"column":4},"end":{"line":36,"column":5}},"locations":[{"start":{"line":30,"column":4},"end":{"line":36,"column":5}}]},"11":{"type":"branch","line":32,"loc":{"start":{"line":32,"column":29},"end":{"line":32,"column":54}},"locations":[{"start":{"line":32,"column":29},"end":{"line":32,"column":54}}]},"12":{"type":"branch","line":33,"loc":{"start":{"line":33,"column":29},"end":{"line":33,"column":54}},"locations":[{"start":{"line":33,"column":29},"end":{"line":33,"column":54}}]},"13":{"type":"branch","line":34,"loc":{"start":{"line":34,"column":29},"end":{"line":34,"column":50}},"locations":[{"start":{"line":34,"column":29},"end":{"line":34,"column":50}}]},"14":{"type":"branch","line":34,"loc":{"start":{"line":34,"column":52},"end":{"line":34,"column":80}},"locations":[{"start":{"line":34,"column":52},"end":{"line":34,"column":80}}]},"15":{"type":"branch","line":63,"loc":{"start":{"line":63,"column":4},"end":{"line":70,"column":5}},"locations":[{"start":{"line":63,"column":4},"end":{"line":70,"column":5}}]},"16":{"type":"branch","line":65,"loc":{"start":{"line":65,"column":28},"end":{"line":65,"column":37}},"locations":[{"start":{"line":65,"column":28},"end":{"line":65,"column":37}}]},"17":{"type":"branch","line":66,"loc":{"start":{"line":66,"column":28},"end":{"line":66,"column":77}},"locations":[{"start":{"line":66,"column":28},"end":{"line":66,"column":77}}]},"18":{"type":"branch","line":67,"loc":{"start":{"line":67,"column":28},"end":{"line":67,"column":76}},"locations":[{"start":{"line":67,"column":28},"end":{"line":67,"column":76}}]},"19":{"type":"branch","line":68,"loc":{"start":{"line":68,"column":28},"end":{"line":68,"column":102}},"locations":[{"start":{"line":68,"column":28},"end":{"line":68,"column":102}}]},"20":{"type":"branch","line":73,"loc":{"start":{"line":73,"column":4},"end":{"line":77,"column":5}},"locations":[{"start":{"line":73,"column":4},"end":{"line":77,"column":5}}]},"21":{"type":"branch","line":74,"loc":{"start":{"line":74,"column":30},"end":{"line":76,"column":9}},"locations":[{"start":{"line":74,"column":30},"end":{"line":76,"column":9}}]},"22":{"type":"branch","line":85,"loc":{"start":{"line":85,"column":4},"end":{"line":104,"column":5}},"locations":[{"start":{"line":85,"column":4},"end":{"line":104,"column":5}}]},"23":{"type":"branch","line":87,"loc":{"start":{"line":87,"column":20},"end":{"line":87,"column":27}},"locations":[{"start":{"line":87,"column":20},"end":{"line":87,"column":27}}]},"24":{"type":"branch","line":87,"loc":{"start":{"line":87,"column":20},"end":{"line":89,"column":29}},"locations":[{"start":{"line":87,"column":20},"end":{"line":89,"column":29}}]},"25":{"type":"branch","line":89,"loc":{"start":{"line":89,"column":29},"end":{"line":91,"column":9}},"locations":[{"start":{"line":89,"column":29},"end":{"line":91,"column":9}}]},"26":{"type":"branch","line":91,"loc":{"start":{"line":91,"column":8},"end":{"line":94,"column":25}},"locations":[{"start":{"line":91,"column":8},"end":{"line":94,"column":25}}]},"27":{"type":"branch","line":94,"loc":{"start":{"line":94,"column":25},"end":{"line":100,"column":9}},"locations":[{"start":{"line":94,"column":25},"end":{"line":100,"column":9}}]},"28":{"type":"branch","line":97,"loc":{"start":{"line":97,"column":28},"end":{"line":99,"column":13}},"locations":[{"start":{"line":97,"column":28},"end":{"line":99,"column":13}}]},"29":{"type":"branch","line":100,"loc":{"start":{"line":100,"column":9},"end":{"line":103,"column":9}},"locations":[{"start":{"line":100,"column":9},"end":{"line":103,"column":9}}]},"30":{"type":"branch","line":109,"loc":{"start":{"line":109,"column":4},"end":{"line":128,"column":5}},"locations":[{"start":{"line":109,"column":4},"end":{"line":128,"column":5}}]},"31":{"type":"branch","line":114,"loc":{"start":{"line":114,"column":14},"end":{"line":117,"column":9}},"locations":[{"start":{"line":114,"column":14},"end":{"line":117,"column":9}}]},"32":{"type":"branch","line":115,"loc":{"start":{"line":115,"column":25},"end":{"line":115,"column":110}},"locations":[{"start":{"line":115,"column":25},"end":{"line":115,"column":110}}]},"33":{"type":"branch","line":115,"loc":{"start":{"line":115,"column":109},"end":{"line":117,"column":9}},"locations":[{"start":{"li
[...]
}},"1260":{"start":{"line":1261,"column":0},"end":{"line":1261,"column":13}},"1261":{"start":{"line":1262,"column":0},"end":{"line":1262,"column":26}},"1262":{"start":{"line":1263,"column":0},"end":{"line":1263,"column":9}},"1263":{"start":{"line":1264,"column":0},"end":{"line":1264,"column":18}},"1264":{"start":{"line":1265,"column":0},"end":{"line":1265,"column":6}},"1265":{"start":{"line":1266,"column":0},"end":{"line":1266,"column":0}},"1266":{"start":{"line":1267,"column":0},"end":{"line":1267,"column":69}},"1267":{"start":{"line":1268,"column":0},"end":{"line":1268,"column":20}},"1268":{"start":{"line":1269,"column":0},"end":{"line":1269,"column":50}},"1269":{"start":{"line":1270,"column":0},"end":{"line":1270,"column":23}},"1270":{"start":{"line":1271,"column":0},"end":{"line":1271,"column":9}},"1271":{"start":{"line":1272,"column":0},"end":{"line":1272,"column":27}},"1272":{"start":{"line":1273,"column":0},"end":{"line":1273,"column":51}},"1273":{"start":{"line":1274,"column":0},"end":{"line":1274,"column":30}},"1274":{"start":{"line":1275,"column":0},"end":{"line":1275,"column":43}},"1275":{"start":{"line":1276,"column":0},"end":{"line":1276,"column":41}},"1276":{"start":{"line":1277,"column":0},"end":{"line":1277,"column":79}},"1277":{"start":{"line":1278,"column":0},"end":{"line":1278,"column":150}},"1278":{"start":{"line":1279,"column":0},"end":{"line":1279,"column":41}},"1279":{"start":{"line":1280,"column":0},"end":{"line":1280,"column":78}},"1280":{"start":{"line":1281,"column":0},"end":{"line":1281,"column":79}},"1281":{"start":{"line":1282,"column":0},"end":{"line":1282,"column":17}},"1282":{"start":{"line":1283,"column":0},"end":{"line":1283,"column":30}},"1283":{"start":{"line":1284,"column":0},"end":{"line":1284,"column":13}},"1284":{"start":{"line":1285,"column":0},"end":{"line":1285,"column":9}},"1285":{"start":{"line":1286,"column":0},"end":{"line":1286,"column":18}},"1286":{"start":{"line":1287,"column":0},"end":{"line":1287,"column":6}},"1287":{"start":{"line":1288,"column":0},"end":{"line":1288,"column":0}},"1288":{"start":{"line":1289,"column":0},"end":{"line":1289,"column":46}},"1289":{"start":{"line":1290,"column":0},"end":{"line":1290,"column":20}},"1290":{"start":{"line":1291,"column":0},"end":{"line":1291,"column":50}},"1291":{"start":{"line":1292,"column":0},"end":{"line":1292,"column":23}},"1292":{"start":{"line":1293,"column":0},"end":{"line":1293,"column":9}},"1293":{"start":{"line":1294,"column":0},"end":{"line":1294,"column":0}},"1294":{"start":{"line":1295,"column":0},"end":{"line":1295,"column":47}},"1295":{"start":{"line":1296,"column":0},"end":{"line":1296,"column":26}},"1296":{"start":{"line":1297,"column":0},"end":{"line":1297,"column":39}},"1297":{"start":{"line":1298,"column":0},"end":{"line":1298,"column":38}},"1298":{"start":{"line":1299,"column":0},"end":{"line":1299,"column":45}},"1299":{"start":{"line":1300,"column":0},"end":{"line":1300,"column":83}},"1300":{"start":{"line":1301,"column":0},"end":{"line":1301,"column":26}},"1301":{"start":{"line":1302,"column":0},"end":{"line":1302,"column":9}},"1302":{"start":{"line":1303,"column":0},"end":{"line":1303,"column":18}},"1303":{"start":{"line":1304,"column":0},"end":{"line":1304,"column":6}},"1304":{"start":{"line":1305,"column":0},"end":{"line":1305,"column":0}},"1305":{"start":{"line":1306,"column":0},"end":{"line":1306,"column":0}},"1306":{"start":{"line":1307,"column":0},"end":{"line":1307,"column":38}},"1307":{"start":{"line":1308,"column":0},"end":{"line":1308,"column":52}},"1308":{"start":{"line":1309,"column":0},"end":{"line":1309,"column":52}},"1309":{"start":{"line":1310,"column":0},"end":{"line":1310,"column":38}},"1310":{"start":{"line":1311,"column":0},"end":{"line":1311,"column":61}},"1311":{"start":{"line":1312,"column":0},"end":{"line":1312,"column":77}},"1312":{"start":{"line":1313,"column":0},"end":{"line":1313,"column":68}},"1313":{"start":{"line":1314,"column":0},"end":{"line":1314,"column":64}},"1314":{"start":{"line":1315,"column":0},"end":{"line":1315,"column":40}},"1315":{"start":{"line":1316,"column":0},"end":{"line":1316,"column":34}},"1316":{"start":{"line":1317,"column":0},"end":{"line":1317,"column":54}},"1317":{"start":{"line":1318,"column":0},"end":{"line":1318,"column":17}},"1318":{"start":{"line":1319,"column":0},"end":{"line":1319,"column":66}},"1319":{"start":{"line":1320,"column":0},"end":{"line":1320,"column":81}},"1320":{"start":{"line":1321,"column":0},"end":{"line":1321,"column":0}},"1321":{"start":{"line":1322,"column":0},"end":{"line":1322,"column":45}},"1322":{"start":{"line":1323,"column":0},"end":{"line":1323,"column":66}},"1323":{"start":{"line":1324,"column":0},"end":{"line":1324,"column":17}},"1324":{"start":{"line":1325,"column":0},"end":{"line":1325,"column":22}},"1325":{"start":{"line":1326,"column":0},"end":{"line":1326,"column":13}},"1326":{"start":{"line":1327,"column":0},"end":{"line":1327,"column":9}},"1327":{"start":{"line":1328,"column":0},"end":{"line":1328,"column":6}},"1328":{"start":{"line":1329,"column":0},"end":{"line":1329,"column":0}},"1329":{"start":{"line":1330,"column":0},"end":{"line":1330,"column":34}},"1330":{"start":{"line":1331,"column":0},"end":{"line":1331,"column":0}},"1331":{"start":{"line":1332,"column":0},"end":{"line":1332,"column":74}},"1332":{"start":{"line":1333,"column":0},"end":{"line":1333,"column":28}},"1333":{"start":{"line":1334,"column":0},"end":{"line":1334,"column":11}},"1334":{"start":{"line":1335,"column":0},"end":{"line":1335,"column":0}},"1335":{"start":{"line":1336,"column":0},"end":{"line":1336,"column":55}},"1336":{"start":{"line":1337,"column":0},"end":{"line":1337,"column":16}},"1337":{"start":{"line":1338,"column":0},"end":{"line":1338,"column":114}},"1338":{"start":{"line":1339,"column":0},"end":{"line":1339,"column":52}},"1339":{"start":{"line":1340,"column":0},"end":{"line":1340,"column":42}},"1340":{"start":{"line":1341,"column":0},"end":{"line":1341,"column":46}},"1341":{"start":{"line":1342,"column":0},"end":{"line":1342,"column":42}},"1342":{"start":{"line":1343,"column":0},"end":{"line":1343,"column":13}},"1343":{"start":{"line":1344,"column":0},"end":{"line":1344,"column":14}},"1344":{"start":{"line":1345,"column":0},"end":{"line":1345,"column":9}},"1345":{"start":{"line":1346,"column":0},"end":{"line":1346,"column":51}},"1346":{"start":{"line":1347,"column":0},"end":{"line":1347,"column":60}},"1347":{"start":{"line":1348,"column":0},"end":{"line":1348,"column":56}},"1348":{"start":{"line":1349,"column":0},"end":{"line":1349,"column":58}},"1349":{"start":{"line":1350,"column":0},"end":{"line":1350,"column":44}},"1350":{"start":{"line":1351,"column":0},"end":{"line":1351,"column":17}},"1351":{"start":{"line":1352,"column":0},"end":{"line":1352,"column":13}},"1352":{"start":{"line":1353,"column":0},"end":{"line":1353,"column":9}},"1353":{"start":{"line":1354,"column":0},"end":{"line":1354,"column":6}},"1354":{"start":{"line":1355,"column":0},"end":{"line":1355,"column":0}},"1355":{"start":{"line":1356,"column":0},"end":{"line":1356,"column":45}},"1356":{"start":{"line":1357,"column":0},"end":{"line":1357,"column":30}},"1357":{"start":{"line":1358,"column":0},"end":{"line":1358,"column":87}},"1358":{"start":{"line":1359,"column":0},"end":{"line":1359,"column":116}},"1359":{"start":{"line":1360,"column":0},"end":{"line":1360,"column":41}},"1360":{"start":{"line":1361,"column":0},"end":{"line":1361,"column":11}},"1361":{"start":{"line":1362,"column":0},"end":{"line":1362,"column":5}},"1362":{"start":{"line":1363,"column":0},"end":{"line":1363,"column":2}},"1363":{"start":{"line":1364,"column":0},"end":{"line":1364,"column":0}},"1364":{"start":{"line":1365,"column":0},"end":{"line":1365,"column":8}},"1365":{"start":{"line":1366,"column":0},"end":{"line":1366,"column":41}},"1366":{"start":{"line":1367,"column":0},"end":{"line":1367,"column":16}},"1367":{"start":{"line":1368,"column":0},"end":{"line":1368,"column":30}},"1368":{"start":{"line":1369,"column":0},"end":{"line":1369,"column":27}},"1369":{"start":{"line":1370,"column":0},"end":{"line":1370,"column":32}},"1370":{"start":{"line":1371,"column":0},"end":{"line":1371,"column":9}},"1371":{"start":{"line":1372,"column":0},"end":{"line":1372,"column":5}},"1372":{"start":{"line":1373,"column":0},"end":{"line":1373,"column":3}}},"s":{"0":0,"1":0,"2":0,"3":0,"4":0,"5":0,"6":0,"7":0,"8":0,"9":0,"10":0,"11":0,"12":0,"13":0,"14":0,"15":0,"16":0,"17":0,"18":0,"19":0,"20":0,"21":0,"22":0,"23":0,"24":0,"25":0,"26":0,"27":0,"28":0,"29":0,"30":0,"31":0,"32":0,"33":0,"34":0,"35":0,"36":0,"37":0,"38":0,"39":0,"40":0,"41":0,"42":0,"43":0,"44":0,"45":0,"46":0,"47":0,"48":0,"49":0,"50":0,"51":0,"52":0,"53":0,"54":0,"55":0,"56":0,"57":0,"58":0,"59":0,"60":0,"61":0,"62":0,"63":0,"64":0,"65":0,"66":0,"67":0,"68":0,"69":0,"70":0,"71":0,"72":0,"73":0,"74":0,"75":0,"76":0,"77":0,"78":0,"79":0,"80":0,"81":0,"82":0,"83":0,"84":0,"85":0,"86":0,"87":0,"88":0,"89":0,"90":0,"91":0,"92":0,"93":0,"94":0,"95":0,"96":0,"97":0,"98":0,"99":0,"100":0,"101":0,"102":0,"103":0,"104":0,"105":0,"106":0,"107":0,"108":0,"109":0,"110":0,"111":0,"112":0,"113":0,"114":0,"115":0,"116":0,"117":0,"118":0,"119":0,"120":0,"121":0,"122":0,"123":0,"124":0,"125":0,"126":0,"127":0,"128":0,"129":0,"130":0,"131":0,"132":0,"133":0,"134":0,"135":0,"136":0,"137":0,"138":0,"139":0,"140":0,"141":0,"142":0,"143":0,"144":0,"145":0,"146":0,"147":0,"148":0,"149":0,"150":0,"151":0,"152":0,"153":0,"154":0,"155":0,"156":0,"157":0,"158":0,"159":0,"160":0,"161":0,"162":0,"163":0,"164":0,"165":0,"166":0,"167":0,"168":0,"169":0,"170":0,"171":0,"172":0,"173":0,"174":0,"175":0,"176":0,"177":0,"178":0,"179":0,"180":0,"181":0,"182":0,"183":0,"184":0,"185":0,"186":0,"187":0,"188":0,"189":0,"190":0,"191":0,"192":0,"193":0,"194":0,"195":0,"196":0,"197":0,"198":0,"199":0,"200":0,"201":0,"202":0,"203":0,"204":0,"205":0,"206":0,"207":0,"208":0,"209":0,"210":0,"211":0,"212":0,"213":0,"214":0,"215":0,"216":0,"217":0,"218":0,"219":0,"220":0,"221":0,"222":0,"223":0,"224":0,"225":0,"226":0,"227":0,"228":0,"229":0,"230":0,"231":0,"232":0,"233":0,"234":0,"235":0,"236":0,"237":0,"238":0,"239":0,"240":0,"241":0,"242":0,"243":0,"244":0,"245":0,"246":0,"247":0,"248":0,"249":0,"250":0,"251":0,"252":0,"253":0,"254":0,"255":0,"256":0,"257":0,"258":0,"259":0,"260":0,"261":0,"262":0,"263":0,"264":0,"265":0,"266":0,"267":0,"268":0,"269":0,"270":0,"271":0,"272":0,"273":0,"274":0,"275":0,"276":0,"277":0,"278":0,"279":0,"280":0,"281":0,"282":0,"283":0,"284":0,"285":0,"286":0,"287":0,"288":0,"289":0,"290":0,"291":0,"292":0,"293":0,"294":0,"295":0,"296":0,"297":0,"298":0,"299":0,"300":0,"301":0,"302":0,"303":0,"304":0,"305":0,"306":0,"307":0,"308":0,"309":0,"310":0,"311":0,"312":0,"313":0,"314":0,"315":0,"316":0,"317":0,"318":0,"319":0,"320":0,"321":0,"322":0,"323":0,"324":0,"325":0,"326":0,"327":0,"328":0,"329":0,"330":0,"331":0,"332":0,"333":0,"334":0,"335":0,"336":0,"337":0,"338":0,"339":0,"340":0,"341":0,"342":0,"343":0,"344":0,"345":0,"346":0,"347":0,"348":0,"349":0,"350":0,"351":0,"352":0,"353":0,"354":0,"355":0,"356":0,"357":0,"358":0,"359":0,"360":0,"361":0,"362":0,"363":0,"364":0,"365":0,"366":0,"367":0,"368":0,"369":0,"370":0,"371":0,"372":0,"373":0,"374":0,"375":0,"376":0,"377":0,"378":0,"379":0,"380":0,"381":0,"382":0,"383":0,"384":0,"385":0,"386":0,"387":0,"388":0,"389":0,"390":0,"391":0,"392":0,"393":0,"394":0,"395":0,"396":0,"397":0,"398":0,"399":0,"400":0,"401":0,"402":0,"403":0,"404":0,"405":0,"406":0,"407":0,"408":0,"409":0,"410":0,"411":0,"412":0,"413":0,"414":0,"415":0,"416":0,"417":0,"418":0,"419":0,"420":0,"421":0,"422":0,"423":0,"424":0,"425":0,"426":0,"427":0,"428":0,"429":0,"430":0,"431":0,"432":0,"433":0,"434":0,"435":0,"436":0,"437":0,"438":0,"439":0,"440":0,"441":0,"442":0,"443":0,"444":0,"445":0,"446":0,"447":0,"448":0,"449":0,"450":0,"451":0,"452":0,"453":0,"454":0,"455":0,"456":0,"457":0,"458":0,"459":0,"460":0,"461":0,"462":0,"463":0,"464":0,"465":0,"466":0,"467":0,"468":0,"469":0,"470":0,"471":0,"472":0,"473":0,"474":0,"475":0,"476":0,"477":0,"478":0,"479":0,"480":0,"481":0,"482":0,"483":0,"484":0,"485":0,"486":0,"487":0,"488":0,"489":0,"490":0,"491":0,"492":0,"493":0,"494":0,"495":0,"496":0,"497":0,"498":0,"499":0,"500":0,"501":0,"502":0,"503":0,"504":0,"505":0,"506":0,"507":0,"508":0,"509":0,"510":0,"511":0,"512":0,"513":0,"514":0,"515":0,"516":0,"517":0,"518":0,"519":0,"520":0,"521":0,"522":0,"523":0,"524":0,"525":0,"526":0,"527":0,"528":0,"529":0,"530":0,"531":0,"532":0,"533":0,"534":0,"535":0,"536":0,"537":0,"538":0,"539":0,"540":0,"541":0,"542":0,"543":0,"544":0,"545":0,"546":0,"547":0,"548":0,"549":0,"550":0,"551":0,"552":0,"553":0,"554":0,"555":0,"556":0,"557":0,"558":0,"559":0,"560":0,"561":0,"562":0,"563":0,"564":0,"565":0,"566":0,"567":0,"568":0,"569":0,"570":0,"571":0,"572":0,"573":0,"574":0,"575":0,"576":0,"577":0,"578":0,"579":0,"580":0,"581":0,"582":0,"583":0,"584":0,"585":0,"586":0,"587":0,"588":0,"589":0,"590":0,"591":0,"592":0,"593":0,"594":0,"595":0,"596":0,"597":0,"598":0,"599":0,"600":0,"601":0,"602":0,"603":0,"604":0,"605":0,"606":0,"607":0,"608":0,"609":0,"610":0,"611":0,"612":0,"613":0,"614":0,"615":0,"616":0,"617":0,"618":0,"619":0,"620":0,"621":0,"622":0,"623":0,"624":0,"625":0,"626":0,"627":0,"628":0,"629":0,"630":0,"631":0,"632":0,"633":0,"634":0,"635":0,"636":0,"637":0,"638":0,"639":0,"640":0,"641":0,"642":0,"643":0,"644":0,"645":0,"646":0,"647":0,"648":0,"649":0,"650":0,"651":0,"652":0,"653":0,"654":0,"655":0,"656":0,"657":0,"658":0,"659":0,"660":0,"661":0,"662":0,"663":0,"664":0,"665":0,"666":0,"667":0,"668":0,"669":0,"670":0,"671":0,"672":0,"673":0,"674":0,"675":0,"676":0,"677":0,"678":0,"679":0,"680":0,"681":0,"682":0,"683":0,"684":0,"685":0,"686":0,"687":0,"688":0,"689":0,"690":0,"691":0,"692":0,"693":0,"694":0,"695":0,"696":0,"697":0,"698":0,"699":0,"700":0,"701":0,"702":0,"703":0,"704":0,"705":0,"706":0,"707":0,"708":0,"709":0,"710":0,"711":0,"712":0,"713":0,"714":0,"715":0,"716":0,"717":0,"718":0,"719":0,"720":0,"721":0,"722":0,"723":0,"724":0,"725":0,"726":0,"727":0,"728":0,"729":0,"730":0,"731":0,"732":0,"733":0,"734":0,"735":0,"736":0,"737":0,"738":0,"739":0,"740":0,"741":0,"742":0,"743":0,"744":0,"745":0,"746":0,"747":0,"748":0,"749":0,"750":0,"751":0,"752":0,"753":0,"754":0,"755":0,"756":0,"757":0,"758":0,"759":0,"760":0,"761":0,"762":0,"763":0,"764":0,"765":0,"766":0,"767":0,"768":0,"769":0,"770":0,"771":0,"772":0,"773":0,"774":0,"775":0,"776":0,"777":0,"778":0,"779":0,"780":0,"781":0,"782":0,"783":0,"784":0,"785":0,"786":0,"787":0,"788":0,"789":0,"790":0,"791":0,"792":0,"793":0,"794":0,"795":0,"796":0,"797":0,"798":0,"799":0,"800":0,"801":0,"802":0,"803":0,"804":0,"805":0,"806":0,"807":0,"808":0,"809":0,"810":0,"811":0,"812":0,"813":0,"814":0,"815":0,"816":0,"817":0,"818":0,"819":0,"820":0,"821":0,"822":0,"823":0,"824":0,"825":0,"826":0,"827":0,"828":0,"829":0,"830":0,"831":0,"832":0,"833":0,"834":0,"835":0,"836":0,"837":0,"838":0,"839":0,"840":0,"841":0,"842":0,"843":0,"844":0,"845":0,"846":0,"847":0,"848":0,"849":0,"850":0,"851":0,"852":0,"853":0,"854":0,"855":0,"856":0,"857":0,"858":0,"859":0,"860":0,"861":0,"862":0,"863":0,"864":0,"865":0,"866":0,"867":0,"868":0,"869":0,"870":0,"871":0,"872":0,"873":0,"874":0,"875":0,"876":0,"877":0,"878":0,"879":0,"880":0,"881":0,"882":0,"883":0,"884":0,"885":0,"886":0,"887":0,"888":0,"889":0,"890":0,"891":0,"892":0,"893":0,"894":0,"895":0,"896":0,"897":0,"898":0,"899":0,"900":0,"901":0,"902":0,"903":0,"904":0,"905":0,"906":0,"907":0,"908":0,"909":0,"910":0,"911":0,"912":0,"913":0,"914":0,"915":0,"916":0,"917":0,"918":0,"919":0,"920":0,"921":0,"922":0,"923":0,"924":0,"925":0,"926":0,"927":0,"928":0,"929":0,"930":0,"931":0,"932":0,"933":0,"934":0,"935":0,"936":0,"937":0,"938":0,"939":0,"940":0,"941":0,"942":0,"943":0,"944":0,"945":0,"946":0,"947":0,"948":0,"949":0,"950":0,"951":0,"952":0,"953":0,"954":0,"955":0,"956":0,"957":0,"958":0,"959":0,"960":0,"961":0,"962":0,"963":0,"964":0,"965":0,"966":0,"967":0,"968":0,"969":0,"970":0,"971":0,"972":0,"973":0,"974":0,"975":0,"976":0,"977":0,"978":0,"979":0,"980":0,"981":0,"982":0,"983":0,"984":0,"985":0,"986":0,"987":0,"988":0,"989":0,"990":0,"991":0,"992":0,"993":0,"994":0,"995":0,"996":0,"997":0,"998":0,"999":0,"1000":0,"1001":0,"1002":0,"1003":0,"1004":0,"1005":0,"1006":0,"1007":0,"1008":0,"1009":0,"1010":0,"1011":0,"1012":0,"1013":0,"1014":0,"1015":0,"1016":0,"1017":0,"1018":0,"1019":0,"1020":0,"1021":0,"1022":0,"1023":0,"1024":0,"1025":0,"1026":0,"1027":0,"1028":0,"1029":0,"1030":0,"1031":0,"1032":0,"1033":0,"1034":0,"1035":0,"1036":0,"1037":0,"1038":0,"1039":0,"1040":0,"1041":0,"1042":0,"1043":0,"1044":0,"1045":0,"1046":0,"1047":0,"1048":0,"1049":0,"1050":0,"1051":0,"1052":0,"1053":0,"1054":0,"1055":0,"1056":0,"1057":0,"1058":0,"1059":0,"1060":0,"1061":0,"1062":0,"1063":0,"1064":0,"1065":0,"1066":0,"1067":0,"1068":0,"1069":0,"1070":0,"1071":0,"1072":0,"1073":0,"1074":0,"1075":0,"1076":0,"1077":0,"1078":0,"1079":0,"1080":0,"1081":0,"1082":0,"1083":0,"1084":0,"1085":0,"1086":0,"1087":0,"1088":0,"1089":0,"1090":0,"1091":0,"1092":0,"1093":0,"1094":0,"1095":0,"1096":0,"1097":0,"1098":0,"1099":0,"1100":0,"1101":0,"1102":0,"1103":0,"1104":0,"1105":0,"1106":0,"1107":0,"1108":0,"1109":0,"1110":0,"1111":0,"1112":0,"1113":0,"1114":0,"1115":0,"1116":0,"1117":0,"1118":0,"1119":0,"1120":0,"1121":0,"1122":0,"1123":0,"1124":0,"1125":0,"1126":0,"1127":0,"1128":0,"1129":0,"1130":0,"1131":0,"1132":0,"1133":0,"1134":0,"1135":0,"1136":0,"1137":0,"1138":0,"1139":0,"1140":0,"1141":0,"1142":0,"1143":0,"1144":0,"1145":0,"1146":0,"1147":0,"1148":0,"1149":0,"1150":0,"1151":0,"1152":0,"1153":0,"1154":0,"1155":0,"1156":0,"1157":0,"1158":0,"1159":0,"1160":0,"1161":0,"1162":0,"1163":0,"1164":0,"1165":0,"1166":0,"1167":0,"1168":0,"1169":0,"1170":0,"1171":0,"1172":0,"1173":0,"1174":0,"1175":0,"1176":0,"1177":0,"1178":0,"1179":0,"1180":0,"1181":0,"1182":0,"1183":0,"1184":0,"1185":0,"1186":0,"1187":0,"1188":0,"1189":0,"1190":0,"1191":0,"1192":0,"1193":0,"1194":0,"1195":0,"1196":0,"1197":0,"1198":0,"1199":0,"1200":0,"1201":0,"1202":0,"1203":0,"1204":0,"1205":0,"1206":0,"1207":0,"1208":0,"1209":0,"1210":0,"1211":0,"1212":0,"1213":0,"1214":0,"1215":0,"1216":0,"1217":0,"1218":0,"1219":0,"1220":0,"1221":0,"1222":0,"1223":0,"1224":0,"1225":0,"1226":0,"1227":0,"1228":0,"1229":0,"1230":0,"1231":0,"1232":0,"1233":0,"1234":0,"1235":0,"1236":0,"1237":0,"1238":0,"1239":0,"1240":0,"1241":0,"1242":0,"1243":0,"1244":0,"1245":0,"1246":0,"1247":0,"1248":0,"1249":0,"1250":0,"1251":0,"1252":0,"1253":0,"1254":0,"1255":0,"1256":0,"1257":0,"1258":0,"1259":0,"1260":0,"1261":0,"1262":0,"1263":0,"1264":0,"1265":0,"1266":0,"1267":0,"1268":0,"1269":0,"1270":0,"1271":0,"1272":0,"1273":0,"1274":0,"1275":0,"1276":0,"1277":0,"1278":0,"1279":0,"1280":0,"1281":0,"1282":0,"1283":0,"1284":0,"1285":0,"1286":0,"1287":0,"1288":0,"1289":0,"1290":0,"1291":0,"1292":0,"1293":0,"1294":0,"1295":0,"1296":0,"1297":0,"1298":0,"1299":0,"1300":0,"1301":0,"1302":0,"1303":0,"1304":0,"1305":0,"1306":0,"1307":0,"1308":0,"1309":0,"1310":0,"1311":0,"1312":0,"1313":0,"1314":0,"1315":0,"1316":0,"1317":0,"1318":0,"1319":0,"1320":0,"1321":0,"1322":0,"1323":0,"1324":0,"1325":0,"1326":0,"1327":0,"1328":0,"1329":0,"1330":0,"1331":0,"1332":0,"1333":0,"1334":0,"1335":0,"1336":0,"1337":0,"1338":0,"1339":0,"1340":0,"1341":0,"1342":0,"1343":0,"1344":0,"1345":0,"1346":0,"1347":0,"1348":0,"1349":0,"1350":0,"1351":0,"1352":0,"1353":0,"1354":0,"1355":0,"1356":0,"1357":0,"1358":0,"1359":0,"1360":0,"1361":0,"1362":0,"1363":0,"1364":0,"1365":0,"1366":0,"1367":0,"1368":0,"1369":0,"1370":0,"1371":0,"1372":0},"branchMap":{"0":{"type":"branch","line":1,"loc":{"start":{"line":1,"column":0},"end":{"line":1373,"column":3}},"locations":[{"start":{"line":1,"column":0},"end":{"line":1373,"column":3}}]}},"b":{"0":[0]},"fnMap":{"0":{"name":"(empty-report)","decl":{"start":{"line":1,"column":0},"end":{"line":1373,"column":3}},"loc":{"start":{"line":1,"column":0},"end":{"line":1373,"column":3}},"line":1}},"f":{"0":0}}
}
